Built target ament_cmake_python_symlink_zeus_nav
running egg_info
writing zeus_nav.egg-info/PKG-INFO
writing dependency_links to zeus_nav.egg-info/dependency_links.txt
writing top-level names to zeus_nav.egg-info/top_level.txt
reading manifest file 'zeus_nav.egg-info/SOURCES.txt'
writing manifest file 'zeus_nav.egg-info/SOURCES.txt'
Built target ament_cmake_python_build_zeus_nav_egg
-- Install configuration: ""
-- Execute custom install script
-- Up-to-date symlink: /home/prathmesh2931/twinws-asd/install/zeus_nav/share/zeus_nav//launch/turtleBot_bringup_launch.py
-- Up-to-date symlink: /home/prathmesh2931/twinws-asd/install/zeus_nav/share/zeus_nav//config/ekf.yaml
-- Up-to-date symlink: /home/prathmesh2931/twinws-asd/install/zeus_nav/share/zeus_nav//config/mapper_params_online_async.yaml
-- Up-to-date symlink: /home/prathmesh2931/twinws-asd/install/zeus_nav/share/zeus_nav//maps/rbcon_arena.data
-- Up-to-date symlink: /home/prathmesh2931/twinws-asd/install/zeus_nav/share/zeus_nav//maps/rbcon_arena.pgm
-- Up-to-date symlink: /home/prathmesh2931/twinws-asd/install/zeus_nav/share/zeus_nav//maps/rbcon_arena.posegraph
-- Up-to-date symlink: /home/prathmesh2931/twinws-asd/install/zeus_nav/share/zeus_nav//maps/rbcon_arena.yaml
-- Up-to-date symlink: /home/prathmesh2931/twinws-asd/install/zeus_nav/share/zeus_nav//params/nav2_params.yaml
-- Up-to-date symlink: /home/prathmesh2931/twinws-asd/install/zeus_nav/share/zeus_nav/environment/pythonpath.sh
-- Up-to-date symlink: /home/prathmesh2931/twinws-asd/install/zeus_nav/share/zeus_nav/environment/pythonpath.dsv
-- Up-to-date symlink: /home/prathmesh2931/twinws-asd/install/zeus_nav/local/lib/python3.10/dist-packages/zeus_nav-0.0.0-py3.10.egg-info/PKG-INFO
-- Up-to-date symlink: /home/prathmesh2931/twinws-asd/install/zeus_nav/local/lib/python3.10/dist-packages/zeus_nav-0.0.0-py3.10.egg-info/SOURCES.txt
-- Up-to-date symlink: /home/prathmesh2931/twinws-asd/install/zeus_nav/local/lib/python3.10/dist-packages/zeus_nav-0.0.0-py3.10.egg-info/dependency_links.txt
-- Up-to-date symlink: /home/prathmesh2931/twinws-asd/install/zeus_nav/local/lib/python3.10/dist-packages/zeus_nav-0.0.0-py3.10.egg-info/top_level.txt
-- Up-to-date symlink: /home/prathmesh2931/twinws-asd/install/zeus_nav/local/lib/python3.10/dist-packages/zeus_nav/__init__.py
-- Up-to-date symlink: /home/prathmesh2931/twinws-asd/install/zeus_nav/lib/zeus_nav/zeus_nav_cmd.py
-- Up-to-date symlink: /home/prathmesh2931/twinws-asd/install/zeus_nav/lib/zeus_nav/turtleBot_bringup_launch.py
-- Up-to-date symlink: /home/prathmesh2931/twinws-asd/install/zeus_nav/share/ament_index/resource_index/package_run_dependencies/zeus_nav
-- Up-to-date symlink: /home/prathmesh2931/twinws-asd/install/zeus_nav/share/ament_index/resource_index/parent_prefix_path/zeus_nav
-- Up-to-date symlink: /home/prathmesh2931/twinws-asd/install/zeus_nav/share/zeus_nav/environment/ament_prefix_path.sh
-- Up-to-date symlink: /home/prathmesh2931/twinws-asd/install/zeus_nav/share/zeus_nav/environment/ament_prefix_path.dsv
-- Up-to-date symlink: /home/prathmesh2931/twinws-asd/install/zeus_nav/share/zeus_nav/environment/path.sh
-- Up-to-date symlink: /home/prathmesh2931/twinws-asd/install/zeus_nav/share/zeus_nav/environment/path.dsv
-- Up-to-date symlink: /home/prathmesh2931/twinws-asd/install/zeus_nav/share/zeus_nav/local_setup.bash
-- Up-to-date symlink: /home/prathmesh2931/twinws-asd/install/zeus_nav/share/zeus_nav/local_setup.sh
-- Up-to-date symlink: /home/prathmesh2931/twinws-asd/install/zeus_nav/share/zeus_nav/local_setup.zsh
-- Up-to-date symlink: /home/prathmesh2931/twinws-asd/install/zeus_nav/share/zeus_nav/local_setup.dsv
-- Symlinking: /home/prathmesh2931/twinws-asd/install/zeus_nav/share/zeus_nav/package.dsv
-- Up-to-date symlink: /home/prathmesh2931/twinws-asd/install/zeus_nav/share/ament_index/resource_index/packages/zeus_nav
-- Up-to-date symlink: /home/prathmesh2931/twinws-asd/install/zeus_nav/share/zeus_nav/cmake/zeus_navConfig.cmake
-- Up-to-date symlink: /home/prathmesh2931/twinws-asd/install/zeus_nav/share/zeus_nav/cmake/zeus_navConfig-version.cmake
-- Up-to-date symlink: /home/prathmesh2931/twinws-asd/install/zeus_nav/share/zeus_nav/package.xml
Listing '/home/prathmesh2931/twinws-asd/install/zeus_nav/local/lib/python3.10/dist-packages/zeus_nav'...
