-- Install configuration: ""
-- Execute custom install script
-- Up-to-date symlink: /home/prathmesh2931/twinws-asd/install/rbcon_sim/share/rbcon_sim//launch/launch_and_spawn.launch.py
-- Up-to-date symlink: /home/prathmesh2931/twinws-asd/install/rbcon_sim/share/rbcon_sim//launch/rbcon_sim.launch.py
-- Up-to-date symlink: /home/prathmesh2931/twinws-asd/install/rbcon_sim/share/rbcon_sim//launch/spawn.launch.py
-- Up-to-date symlink: /home/prathmesh2931/twinws-asd/install/rbcon_sim/share/rbcon_sim//launch/spawn_multi.launch.py
-- Up-to-date symlink: /home/prathmesh2931/twinws-asd/install/rbcon_sim/share/rbcon_sim//sdf/basketball.sdf
-- Up-to-date symlink: /home/prathmesh2931/twinws-asd/install/rbcon_sim/share/rbcon_sim//sdf/basketball_arena.sdf
-- Up-to-date symlink: /home/prathmesh2931/twinws-asd/install/rbcon_sim/share/rbcon_sim//meshes/arena.dae
-- Up-to-date symlink: /home/prathmesh2931/twinws-asd/install/rbcon_sim/share/rbcon_sim//meshes/basketball.dae
-- Up-to-date symlink: /home/prathmesh2931/twinws-asd/install/rbcon_sim/share/rbcon_sim//meshes/basketball2.dae
-- Up-to-date symlink: /home/prathmesh2931/twinws-asd/install/rbcon_sim/share/rbcon_sim//config/bridge_config.yaml
-- Up-to-date symlink: /home/prathmesh2931/twinws-asd/install/rbcon_sim/share/rbcon_sim//xacro/gazebo.xacro
-- Up-to-date symlink: /home/prathmesh2931/twinws-asd/install/rbcon_sim/share/rbcon_sim//xacro/ros2_control.xacro
-- Up-to-date symlink: /home/prathmesh2931/twinws-asd/install/rbcon_sim/share/rbcon_sim//scripts/ball_spawn.py
-- Up-to-date symlink: /home/prathmesh2931/twinws-asd/install/rbcon_sim/lib/rbcon_sim/ball_spawn.py
-- Up-to-date symlink: /home/prathmesh2931/twinws-asd/install/rbcon_sim/share/ament_index/resource_index/package_run_dependencies/rbcon_sim
-- Up-to-date symlink: /home/prathmesh2931/twinws-asd/install/rbcon_sim/share/ament_index/resource_index/parent_prefix_path/rbcon_sim
-- Up-to-date symlink: /home/prathmesh2931/twinws-asd/install/rbcon_sim/share/rbcon_sim/environment/ament_prefix_path.sh
-- Up-to-date symlink: /home/prathmesh2931/twinws-asd/install/rbcon_sim/share/rbcon_sim/environment/ament_prefix_path.dsv
-- Up-to-date symlink: /home/prathmesh2931/twinws-asd/install/rbcon_sim/share/rbcon_sim/environment/path.sh
-- Up-to-date symlink: /home/prathmesh2931/twinws-asd/install/rbcon_sim/share/rbcon_sim/environment/path.dsv
-- Up-to-date symlink: /home/prathmesh2931/twinws-asd/install/rbcon_sim/share/rbcon_sim/local_setup.bash
-- Up-to-date symlink: /home/prathmesh2931/twinws-asd/install/rbcon_sim/share/rbcon_sim/local_setup.sh
-- Up-to-date symlink: /home/prathmesh2931/twinws-asd/install/rbcon_sim/share/rbcon_sim/local_setup.zsh
-- Up-to-date symlink: /home/prathmesh2931/twinws-asd/install/rbcon_sim/share/rbcon_sim/local_setup.dsv
-- Symlinking: /home/prathmesh2931/twinws-asd/install/rbcon_sim/share/rbcon_sim/package.dsv
-- Up-to-date symlink: /home/prathmesh2931/twinws-asd/install/rbcon_sim/share/ament_index/resource_index/packages/rbcon_sim
-- Up-to-date symlink: /home/prathmesh2931/twinws-asd/install/rbcon_sim/share/rbcon_sim/cmake/rbcon_simConfig.cmake
-- Up-to-date symlink: /home/prathmesh2931/twinws-asd/install/rbcon_sim/share/rbcon_sim/cmake/rbcon_simConfig-version.cmake
-- Up-to-date symlink: /home/prathmesh2931/twinws-asd/install/rbcon_sim/share/rbcon_sim/package.xml
