[0.458s] Invoking command in '/home/prathmesh2931/twinws-asd/build/zeus_init': CMAKE_PREFIX_PATH=${CMAKE_PREFIX_PATH}:/home/prathmesh2931/ey_working/install/ur5_control:/home/prathmesh2931/check_ws/install/ur5_control:/home/prathmesh2931/eyantra_task3/install/ur5_control:/home/prathmesh2931/twin_ws/install/zeus_description:/home/prathmesh2931/twin_ws/install/sim_controller:/home/prathmesh2931/twin_ws/install/shooting_set_description:/opt/ros/humble /usr/bin/cmake /home/prathmesh2931/twinws-asd/zeus_init -DAMENT_CMAKE_SYMLINK_INSTALL=1 -DCMAKE_INSTALL_PREFIX=/home/prathmesh2931/twinws-asd/install/zeus_init
[0.520s] -- The C compiler identification is GNU 11.4.0
[0.561s] -- The CXX compiler identification is GNU 11.4.0
[0.567s] -- Detecting C compiler ABI info
[0.626s] -- Detecting C compiler ABI info - done
[0.635s] -- Check for working C compiler: /usr/bin/cc - skipped
[0.635s] -- Detecting C compile features
[0.636s] -- Detecting C compile features - done
[0.639s] -- Detecting CXX compiler ABI info
[0.712s] -- Detecting CXX compiler ABI info - done
[0.718s] -- Check for working CXX compiler: /usr/bin/c++ - skipped
[0.718s] -- Detecting CXX compile features
[0.719s] -- Detecting CXX compile features - done
[0.723s] -- Found ament_cmake: 1.3.11 (/opt/ros/humble/share/ament_cmake/cmake)
[0.918s] -- Found Python3: /usr/bin/python3 (found version "3.10.12") found components: Interpreter 
[0.976s] -- Override CMake install command with custom implementation using symlinks instead of copying resources
[1.099s] -- Found rosidl_default_generators: 1.2.0 (/opt/ros/humble/share/rosidl_default_generators/cmake)
[1.116s] -- Using all available rosidl_typesupport_c: rosidl_typesupport_fastrtps_c;rosidl_typesupport_introspection_c
[1.144s] -- Found rosidl_adapter: 3.1.6 (/opt/ros/humble/share/rosidl_adapter/cmake)
[1.254s] -- Using all available rosidl_typesupport_cpp: rosidl_typesupport_fastrtps_cpp;rosidl_typesupport_introspection_cpp
[1.303s] -- Found ament_lint_auto: 0.12.11 (/opt/ros/humble/share/ament_lint_auto/cmake)
[1.393s] -- Added test 'flake8' to check Python code syntax and style conventions
[1.394s] -- Added test 'lint_cmake' to check CMake code style
[1.395s] -- Added test 'pep257' to check Python code against some of the docstring style conventions in PEP 257
[1.396s] -- Added test 'xmllint' to check XML markup files
[1.398s] -- Configuring done
[1.402s] -- Generating done
[1.404s] -- Build files have been written to: /home/prathmesh2931/twinws-asd/build/zeus_init
[1.409s] Invoked command in '/home/prathmesh2931/twinws-asd/build/zeus_init' returned '0': CMAKE_PREFIX_PATH=${CMAKE_PREFIX_PATH}:/home/prathmesh2931/ey_working/install/ur5_control:/home/prathmesh2931/check_ws/install/ur5_control:/home/prathmesh2931/eyantra_task3/install/ur5_control:/home/prathmesh2931/twin_ws/install/zeus_description:/home/prathmesh2931/twin_ws/install/sim_controller:/home/prathmesh2931/twin_ws/install/shooting_set_description:/opt/ros/humble /usr/bin/cmake /home/prathmesh2931/twinws-asd/zeus_init -DAMENT_CMAKE_SYMLINK_INSTALL=1 -DCMAKE_INSTALL_PREFIX=/home/prathmesh2931/twinws-asd/install/zeus_init
[1.410s] Invoking command in '/home/prathmesh2931/twinws-asd/build/zeus_init': CMAKE_PREFIX_PATH=${CMAKE_PREFIX_PATH}:/home/prathmesh2931/ey_working/install/ur5_control:/home/prathmesh2931/check_ws/install/ur5_control:/home/prathmesh2931/eyantra_task3/install/ur5_control:/home/prathmesh2931/twin_ws/install/zeus_description:/home/prathmesh2931/twin_ws/install/sim_controller:/home/prathmesh2931/twin_ws/install/shooting_set_description:/opt/ros/humble /usr/bin/cmake --build /home/prathmesh2931/twinws-asd/build/zeus_init -- -j12 -l12
[1.456s] Invoked command in '/home/prathmesh2931/twinws-asd/build/zeus_init' returned '0': CMAKE_PREFIX_PATH=${CMAKE_PREFIX_PATH}:/home/prathmesh2931/ey_working/install/ur5_control:/home/prathmesh2931/check_ws/install/ur5_control:/home/prathmesh2931/eyantra_task3/install/ur5_control:/home/prathmesh2931/twin_ws/install/zeus_description:/home/prathmesh2931/twin_ws/install/sim_controller:/home/prathmesh2931/twin_ws/install/shooting_set_description:/opt/ros/humble /usr/bin/cmake --build /home/prathmesh2931/twinws-asd/build/zeus_init -- -j12 -l12
[1.465s] Invoking command in '/home/prathmesh2931/twinws-asd/build/zeus_init': CMAKE_PREFIX_PATH=${CMAKE_PREFIX_PATH}:/home/prathmesh2931/ey_working/install/ur5_control:/home/prathmesh2931/check_ws/install/ur5_control:/home/prathmesh2931/eyantra_task3/install/ur5_control:/home/prathmesh2931/twin_ws/install/zeus_description:/home/prathmesh2931/twin_ws/install/sim_controller:/home/prathmesh2931/twin_ws/install/shooting_set_description:/opt/ros/humble /usr/bin/cmake --install /home/prathmesh2931/twinws-asd/build/zeus_init
[1.472s] -- Install configuration: ""
[1.473s] -- Execute custom install script
[1.473s] -- Symlinking: /home/prathmesh2931/twinws-asd/install/zeus_init/share/zeus_init//launch/init.launch.py
[1.484s] -- Symlinking: /home/prathmesh2931/twinws-asd/install/zeus_init/share/zeus_init//launch/localization.launch.py
[1.497s] -- Symlinking: /home/prathmesh2931/twinws-asd/install/zeus_init/share/zeus_init//launch/locate.launch.py
[1.505s] -- Symlinking: /home/prathmesh2931/twinws-asd/install/zeus_init/share/zeus_init//launch/mapping.launch.py
[1.515s] -- Symlinking: /home/prathmesh2931/twinws-asd/install/zeus_init/share/zeus_init//config/cam_config.yaml
[1.524s] -- Symlinking: /home/prathmesh2931/twinws-asd/install/zeus_init/share/zeus_init//config/ekf.yaml
[1.532s] -- Symlinking: /home/prathmesh2931/twinws-asd/install/zeus_init/share/zeus_init//config/joint_states.yaml
[1.541s] -- Symlinking: /home/prathmesh2931/twinws-asd/install/zeus_init/share/zeus_init//config/joystick.yaml
[1.552s] -- Symlinking: /home/prathmesh2931/twinws-asd/install/zeus_init/share/zeus_init//config/localizationConfig.yaml
[1.565s] -- Symlinking: /home/prathmesh2931/twinws-asd/install/zeus_init/share/zeus_init//config/locate.rviz
[1.578s] -- Symlinking: /home/prathmesh2931/twinws-asd/install/zeus_init/share/zeus_init//config/mappingConfig.yaml
[1.590s] -- Symlinking: /home/prathmesh2931/twinws-asd/install/zeus_init/share/zeus_init//config/rplidar.yaml
[1.599s] -- Symlinking: /home/prathmesh2931/twinws-asd/install/zeus_init/share/zeus_init//scripts/pub_pose_r1.py
[1.611s] -- Symlinking: /home/prathmesh2931/twinws-asd/install/zeus_init/lib/zeus_init/localization.launch.py
[1.621s] -- Symlinking: /home/prathmesh2931/twinws-asd/install/zeus_init/lib/zeus_init/pub_pose_r1.py
[1.633s] -- Symlinking: /home/prathmesh2931/twinws-asd/install/zeus_init/share/ament_index/resource_index/package_run_dependencies/zeus_init
[1.642s] -- Symlinking: /home/prathmesh2931/twinws-asd/install/zeus_init/share/ament_index/resource_index/parent_prefix_path/zeus_init
[1.651s] -- Symlinking: /home/prathmesh2931/twinws-asd/install/zeus_init/share/zeus_init/environment/ament_prefix_path.sh
[1.659s] -- Symlinking: /home/prathmesh2931/twinws-asd/install/zeus_init/share/zeus_init/environment/ament_prefix_path.dsv
[1.671s] -- Symlinking: /home/prathmesh2931/twinws-asd/install/zeus_init/share/zeus_init/environment/path.sh
[1.680s] -- Symlinking: /home/prathmesh2931/twinws-asd/install/zeus_init/share/zeus_init/environment/path.dsv
[1.687s] -- Symlinking: /home/prathmesh2931/twinws-asd/install/zeus_init/share/zeus_init/local_setup.bash
[1.695s] -- Symlinking: /home/prathmesh2931/twinws-asd/install/zeus_init/share/zeus_init/local_setup.sh
[1.702s] -- Symlinking: /home/prathmesh2931/twinws-asd/install/zeus_init/share/zeus_init/local_setup.zsh
[1.711s] -- Symlinking: /home/prathmesh2931/twinws-asd/install/zeus_init/share/zeus_init/local_setup.dsv
[1.720s] -- Symlinking: /home/prathmesh2931/twinws-asd/install/zeus_init/share/zeus_init/package.dsv
[1.730s] -- Symlinking: /home/prathmesh2931/twinws-asd/install/zeus_init/share/ament_index/resource_index/packages/zeus_init
[1.738s] -- Symlinking: /home/prathmesh2931/twinws-asd/install/zeus_init/share/zeus_init/cmake/zeus_initConfig.cmake
[1.751s] -- Symlinking: /home/prathmesh2931/twinws-asd/install/zeus_init/share/zeus_init/cmake/zeus_initConfig-version.cmake
[1.764s] -- Symlinking: /home/prathmesh2931/twinws-asd/install/zeus_init/share/zeus_init/package.xml
[1.777s] Invoked command in '/home/prathmesh2931/twinws-asd/build/zeus_init' returned '0': CMAKE_PREFIX_PATH=${CMAKE_PREFIX_PATH}:/home/prathmesh2931/ey_working/install/ur5_control:/home/prathmesh2931/check_ws/install/ur5_control:/home/prathmesh2931/eyantra_task3/install/ur5_control:/home/prathmesh2931/twin_ws/install/zeus_description:/home/prathmesh2931/twin_ws/install/sim_controller:/home/prathmesh2931/twin_ws/install/shooting_set_description:/opt/ros/humble /usr/bin/cmake --install /home/prathmesh2931/twinws-asd/build/zeus_init
