[0.039s] Invoking command in '/home/prathmesh2931/twinws-asd/build/rbcon_sim': CMAKE_PREFIX_PATH=${CMAKE_PREFIX_PATH}:/home/prathmesh2931/ey_working/install/ur5_control:/home/prathmesh2931/check_ws/install/ur5_control:/home/prathmesh2931/eyantra_task3/install/ur5_control:/home/prathmesh2931/twin_ws/install/zeus_description:/home/prathmesh2931/twin_ws/install/sim_controller:/home/prathmesh2931/twin_ws/install/shooting_set_description:/opt/ros/humble /usr/bin/cmake /home/prathmesh2931/twinws-asd/rbcon_sim -DAMENT_CMAKE_SYMLINK_INSTALL=1 -DCMAKE_INSTALL_PREFIX=/home/prathmesh2931/twinws-asd/install/rbcon_sim
[0.479s] -- The C compiler identification is GNU 11.4.0
[0.479s] -- The CXX compiler identification is GNU 11.4.0
[0.479s] -- Detecting C compiler ABI info
[0.479s] -- Detecting C compiler ABI info - done
[0.479s] -- Check for working C compiler: /usr/bin/cc - skipped
[0.479s] -- Detecting C compile features
[0.479s] -- Detecting C compile features - done
[0.480s] -- Detecting CXX compiler ABI info
[0.480s] -- Detecting CXX compiler ABI info - done
[0.480s] -- Check for working CXX compiler: /usr/bin/c++ - skipped
[0.480s] -- Detecting CXX compile features
[0.480s] -- Detecting CXX compile features - done
[0.480s] -- Found ament_cmake: 1.3.11 (/opt/ros/humble/share/ament_cmake/cmake)
[0.480s] -- Found Python3: /usr/bin/python3 (found version "3.10.12") found components: Interpreter 
[0.544s] -- Override CMake install command with custom implementation using symlinks instead of copying resources
[0.613s] -- Found ament_lint_auto: 0.12.11 (/opt/ros/humble/share/ament_lint_auto/cmake)
[0.793s] -- Found rosidl_generator_c: 3.1.6 (/opt/ros/humble/share/rosidl_generator_c/cmake)
[0.802s] -- Found rosidl_adapter: 3.1.6 (/opt/ros/humble/share/rosidl_adapter/cmake)
[0.824s] -- Found rosidl_generator_cpp: 3.1.6 (/opt/ros/humble/share/rosidl_generator_cpp/cmake)
[0.841s] -- Using all available rosidl_typesupport_c: rosidl_typesupport_fastrtps_c;rosidl_typesupport_introspection_c
[0.863s] -- Using all available rosidl_typesupport_cpp: rosidl_typesupport_fastrtps_cpp;rosidl_typesupport_introspection_cpp
[0.932s] -- Found rmw_implementation_cmake: 6.1.2 (/opt/ros/humble/share/rmw_implementation_cmake/cmake)
[0.938s] -- Found rmw_fastrtps_cpp: 6.2.7 (/opt/ros/humble/share/rmw_fastrtps_cpp/cmake)
[1.039s] -- Found OpenSSL: /usr/lib/x86_64-linux-gnu/libcrypto.so (found version "3.0.2")  
[1.073s] -- Found FastRTPS: /opt/ros/humble/include  
[1.120s] -- Using RMW implementation 'rmw_fastrtps_cpp' as default
[1.136s] -- Looking for pthread.h
[1.203s] -- Looking for pthread.h - found
[1.203s] -- Performing Test CMAKE_HAVE_LIBC_PTHREAD
[1.286s] -- Performing Test CMAKE_HAVE_LIBC_PTHREAD - Success
[1.287s] -- Found Threads: TRUE  
[1.424s] -- Found Protobuf: /usr/lib/x86_64-linux-gnu/libprotobuf.so (found suitable version "3.12.4", minimum required is "3") 
[1.531s] -- Found Protobuf: /usr/lib/x86_64-linux-gnu/libprotobuf.so (found version "3.12.4") 
[1.971s] -- Added test 'flake8' to check Python code syntax and style conventions
[1.972s] -- Added test 'lint_cmake' to check CMake code style
[1.972s] -- Added test 'pep257' to check Python code against some of the docstring style conventions in PEP 257
[1.974s] -- Added test 'xmllint' to check XML markup files
[1.975s] -- Configuring done
[1.978s] -- Generating done
[1.980s] -- Build files have been written to: /home/prathmesh2931/twinws-asd/build/rbcon_sim
[1.989s] Invoked command in '/home/prathmesh2931/twinws-asd/build/rbcon_sim' returned '0': CMAKE_PREFIX_PATH=${CMAKE_PREFIX_PATH}:/home/prathmesh2931/ey_working/install/ur5_control:/home/prathmesh2931/check_ws/install/ur5_control:/home/prathmesh2931/eyantra_task3/install/ur5_control:/home/prathmesh2931/twin_ws/install/zeus_description:/home/prathmesh2931/twin_ws/install/sim_controller:/home/prathmesh2931/twin_ws/install/shooting_set_description:/opt/ros/humble /usr/bin/cmake /home/prathmesh2931/twinws-asd/rbcon_sim -DAMENT_CMAKE_SYMLINK_INSTALL=1 -DCMAKE_INSTALL_PREFIX=/home/prathmesh2931/twinws-asd/install/rbcon_sim
[1.991s] Invoking command in '/home/prathmesh2931/twinws-asd/build/rbcon_sim': CMAKE_PREFIX_PATH=${CMAKE_PREFIX_PATH}:/home/prathmesh2931/ey_working/install/ur5_control:/home/prathmesh2931/check_ws/install/ur5_control:/home/prathmesh2931/eyantra_task3/install/ur5_control:/home/prathmesh2931/twin_ws/install/zeus_description:/home/prathmesh2931/twin_ws/install/sim_controller:/home/prathmesh2931/twin_ws/install/shooting_set_description:/opt/ros/humble /usr/bin/cmake --build /home/prathmesh2931/twinws-asd/build/rbcon_sim -- -j12 -l12
[2.037s] Invoked command in '/home/prathmesh2931/twinws-asd/build/rbcon_sim' returned '0': CMAKE_PREFIX_PATH=${CMAKE_PREFIX_PATH}:/home/prathmesh2931/ey_working/install/ur5_control:/home/prathmesh2931/check_ws/install/ur5_control:/home/prathmesh2931/eyantra_task3/install/ur5_control:/home/prathmesh2931/twin_ws/install/zeus_description:/home/prathmesh2931/twin_ws/install/sim_controller:/home/prathmesh2931/twin_ws/install/shooting_set_description:/opt/ros/humble /usr/bin/cmake --build /home/prathmesh2931/twinws-asd/build/rbcon_sim -- -j12 -l12
[2.038s] Invoking command in '/home/prathmesh2931/twinws-asd/build/rbcon_sim': CMAKE_PREFIX_PATH=${CMAKE_PREFIX_PATH}:/home/prathmesh2931/ey_working/install/ur5_control:/home/prathmesh2931/check_ws/install/ur5_control:/home/prathmesh2931/eyantra_task3/install/ur5_control:/home/prathmesh2931/twin_ws/install/zeus_description:/home/prathmesh2931/twin_ws/install/sim_controller:/home/prathmesh2931/twin_ws/install/shooting_set_description:/opt/ros/humble /usr/bin/cmake --install /home/prathmesh2931/twinws-asd/build/rbcon_sim
[2.047s] -- Install configuration: ""
[2.047s] -- Execute custom install script
[2.048s] -- Symlinking: /home/prathmesh2931/twinws-asd/install/rbcon_sim/share/rbcon_sim//launch/launch_and_spawn.launch.py
[2.055s] -- Symlinking: /home/prathmesh2931/twinws-asd/install/rbcon_sim/share/rbcon_sim//launch/rbcon_sim.launch.py
[2.062s] -- Symlinking: /home/prathmesh2931/twinws-asd/install/rbcon_sim/share/rbcon_sim//launch/spawn.launch.py
[2.069s] -- Symlinking: /home/prathmesh2931/twinws-asd/install/rbcon_sim/share/rbcon_sim//launch/spawn_multi.launch.py
[2.082s] -- Symlinking: /home/prathmesh2931/twinws-asd/install/rbcon_sim/share/rbcon_sim//sdf/basketball.sdf
[2.089s] -- Symlinking: /home/prathmesh2931/twinws-asd/install/rbcon_sim/share/rbcon_sim//sdf/basketball_arena.sdf
[2.097s] -- Symlinking: /home/prathmesh2931/twinws-asd/install/rbcon_sim/share/rbcon_sim//meshes/arena.dae
[2.105s] -- Symlinking: /home/prathmesh2931/twinws-asd/install/rbcon_sim/share/rbcon_sim//meshes/basketball.dae
[2.115s] -- Symlinking: /home/prathmesh2931/twinws-asd/install/rbcon_sim/share/rbcon_sim//meshes/basketball2.dae
[2.123s] -- Symlinking: /home/prathmesh2931/twinws-asd/install/rbcon_sim/share/rbcon_sim//config/bridge_config.yaml
[2.132s] -- Symlinking: /home/prathmesh2931/twinws-asd/install/rbcon_sim/share/rbcon_sim//xacro/gazebo.xacro
[2.140s] -- Symlinking: /home/prathmesh2931/twinws-asd/install/rbcon_sim/share/rbcon_sim//xacro/ros2_control.xacro
[2.150s] -- Symlinking: /home/prathmesh2931/twinws-asd/install/rbcon_sim/share/rbcon_sim//scripts/ball_spawn.py
[2.160s] -- Symlinking: /home/prathmesh2931/twinws-asd/install/rbcon_sim/lib/rbcon_sim/ball_spawn.py
[2.168s] -- Symlinking: /home/prathmesh2931/twinws-asd/install/rbcon_sim/share/ament_index/resource_index/package_run_dependencies/rbcon_sim
[2.180s] -- Symlinking: /home/prathmesh2931/twinws-asd/install/rbcon_sim/share/ament_index/resource_index/parent_prefix_path/rbcon_sim
[2.188s] -- Symlinking: /home/prathmesh2931/twinws-asd/install/rbcon_sim/share/rbcon_sim/environment/ament_prefix_path.sh
[2.195s] -- Symlinking: /home/prathmesh2931/twinws-asd/install/rbcon_sim/share/rbcon_sim/environment/ament_prefix_path.dsv
[2.204s] -- Symlinking: /home/prathmesh2931/twinws-asd/install/rbcon_sim/share/rbcon_sim/environment/path.sh
[2.215s] -- Symlinking: /home/prathmesh2931/twinws-asd/install/rbcon_sim/share/rbcon_sim/environment/path.dsv
[2.228s] -- Symlinking: /home/prathmesh2931/twinws-asd/install/rbcon_sim/share/rbcon_sim/local_setup.bash
[2.241s] -- Symlinking: /home/prathmesh2931/twinws-asd/install/rbcon_sim/share/rbcon_sim/local_setup.sh
[2.250s] -- Symlinking: /home/prathmesh2931/twinws-asd/install/rbcon_sim/share/rbcon_sim/local_setup.zsh
[2.261s] -- Symlinking: /home/prathmesh2931/twinws-asd/install/rbcon_sim/share/rbcon_sim/local_setup.dsv
[2.269s] -- Symlinking: /home/prathmesh2931/twinws-asd/install/rbcon_sim/share/rbcon_sim/package.dsv
[2.278s] -- Symlinking: /home/prathmesh2931/twinws-asd/install/rbcon_sim/share/ament_index/resource_index/packages/rbcon_sim
[2.289s] -- Symlinking: /home/prathmesh2931/twinws-asd/install/rbcon_sim/share/rbcon_sim/cmake/rbcon_simConfig.cmake
[2.300s] -- Symlinking: /home/prathmesh2931/twinws-asd/install/rbcon_sim/share/rbcon_sim/cmake/rbcon_simConfig-version.cmake
[2.309s] -- Symlinking: /home/prathmesh2931/twinws-asd/install/rbcon_sim/share/rbcon_sim/package.xml
[2.320s] Invoked command in '/home/prathmesh2931/twinws-asd/build/rbcon_sim' returned '0': CMAKE_PREFIX_PATH=${CMAKE_PREFIX_PATH}:/home/prathmesh2931/ey_working/install/ur5_control:/home/prathmesh2931/check_ws/install/ur5_control:/home/prathmesh2931/eyantra_task3/install/ur5_control:/home/prathmesh2931/twin_ws/install/zeus_description:/home/prathmesh2931/twin_ws/install/sim_controller:/home/prathmesh2931/twin_ws/install/shooting_set_description:/opt/ros/humble /usr/bin/cmake --install /home/prathmesh2931/twinws-asd/build/rbcon_sim
