[0.078s] DEBUG:colcon:Command line arguments: ['/usr/bin/colcon', 'build', '--symlink-install']
[0.078s] DEBUG:colcon:Parsed command line arguments: Namespace(log_base=None, log_level=None, verb_name='build', build_base='build', install_base='install', merge_install=False, symlink_install=True, test_result_base=None, continue_on_error=False, executor='parallel', parallel_workers=12, event_handlers=None, ignore_user_meta=False, metas=['./colcon.meta'], base_paths=['.'], packages_ignore=None, packages_ignore_regex=None, paths=None, packages_up_to=None, packages_up_to_regex=None, packages_above=None, packages_above_and_dependencies=None, packages_above_depth=None, packages_select_by_dep=None, packages_skip_by_dep=None, packages_skip_up_to=None, packages_select_build_failed=False, packages_skip_build_finished=False, packages_select_test_failures=False, packages_skip_test_passed=False, packages_select=None, packages_skip=None, packages_select_regex=None, packages_skip_regex=None, packages_start=None, packages_end=None, allow_overriding=[], cmake_args=None, cmake_target=None, cmake_target_skip_unavailable=False, cmake_clean_cache=False, cmake_clean_first=False, cmake_force_configure=False, ament_cmake_args=None, catkin_cmake_args=None, catkin_skip_building_tests=False, verb_parser=<colcon_defaults.argument_parser.defaults.DefaultArgumentsDecorator object at 0x769362720c10>, verb_extension=<colcon_core.verb.build.BuildVerb object at 0x769362720640>, main=<bound method BuildVerb.main of <colcon_core.verb.build.BuildVerb object at 0x769362720640>>)
[0.203s] Level 1:colcon.colcon_core.package_discovery:discover_packages(colcon_meta) check parameters
[0.203s] Level 1:colcon.colcon_core.package_discovery:discover_packages(recursive) check parameters
[0.203s] Level 1:colcon.colcon_core.package_discovery:discover_packages(ignore) check parameters
[0.203s] Level 1:colcon.colcon_core.package_discovery:discover_packages(path) check parameters
[0.203s] Level 1:colcon.colcon_core.package_discovery:discover_packages(colcon_meta) discover
[0.203s] Level 1:colcon.colcon_core.package_discovery:discover_packages(recursive) discover
[0.203s] INFO:colcon.colcon_core.package_discovery:Crawling recursively for packages in '/home/prathmesh2931/twinws-asd'
[0.204s] Level 1:colcon.colcon_core.package_identification:_identify(.) by extensions ['ignore', 'ignore_ament_install']
[0.204s] Level 1:colcon.colcon_core.package_identification:_identify(.) by extension 'ignore'
[0.204s] Level 1:colcon.colcon_core.package_identification:_identify(.) by extension 'ignore_ament_install'
[0.204s] Level 1:colcon.colcon_core.package_identification:_identify(.) by extensions ['colcon_pkg']
[0.204s] Level 1:colcon.colcon_core.package_identification:_identify(.) by extension 'colcon_pkg'
[0.204s] Level 1:colcon.colcon_core.package_identification:_identify(.) by extensions ['colcon_meta']
[0.204s] Level 1:colcon.colcon_core.package_identification:_identify(.) by extension 'colcon_meta'
[0.204s] Level 1:colcon.colcon_core.package_identification:_identify(.) by extensions ['ros']
[0.204s] Level 1:colcon.colcon_core.package_identification:_identify(.) by extension 'ros'
[0.217s] Level 1:colcon.colcon_core.package_identification:_identify(.) by extensions ['cmake', 'python']
[0.217s] Level 1:colcon.colcon_core.package_identification:_identify(.) by extension 'cmake'
[0.217s] Level 1:colcon.colcon_core.package_identification:_identify(.) by extension 'python'
[0.217s] Level 1:colcon.colcon_core.package_identification:_identify(.) by extensions ['python_setup_py']
[0.217s] Level 1:colcon.colcon_core.package_identification:_identify(.) by extension 'python_setup_py'
[0.217s] Level 1:colcon.colcon_core.package_identification:_identify(build) by extensions ['ignore', 'ignore_ament_install']
[0.217s] Level 1:colcon.colcon_core.package_identification:_identify(build) by extension 'ignore'
[0.217s] Level 1:colcon.colcon_core.package_identification:_identify(build) ignored
[0.218s] Level 1:colcon.colcon_core.package_identification:_identify(install) by extensions ['ignore', 'ignore_ament_install']
[0.218s] Level 1:colcon.colcon_core.package_identification:_identify(install) by extension 'ignore'
[0.218s] Level 1:colcon.colcon_core.package_identification:_identify(install) ignored
[0.218s] Level 1:colcon.colcon_core.package_identification:_identify(log) by extensions ['ignore', 'ignore_ament_install']
[0.218s] Level 1:colcon.colcon_core.package_identification:_identify(log) by extension 'ignore'
[0.218s] Level 1:colcon.colcon_core.package_identification:_identify(log) ignored
[0.218s] Level 1:colcon.colcon_core.package_identification:_identify(rbcon_sim) by extensions ['ignore', 'ignore_ament_install']
[0.218s] Level 1:colcon.colcon_core.package_identification:_identify(rbcon_sim) by extension 'ignore'
[0.218s] Level 1:colcon.colcon_core.package_identification:_identify(rbcon_sim) by extension 'ignore_ament_install'
[0.218s] Level 1:colcon.colcon_core.package_identification:_identify(rbcon_sim) by extensions ['colcon_pkg']
[0.218s] Level 1:colcon.colcon_core.package_identification:_identify(rbcon_sim) by extension 'colcon_pkg'
[0.218s] Level 1:colcon.colcon_core.package_identification:_identify(rbcon_sim) by extensions ['colcon_meta']
[0.218s] Level 1:colcon.colcon_core.package_identification:_identify(rbcon_sim) by extension 'colcon_meta'
[0.218s] Level 1:colcon.colcon_core.package_identification:_identify(rbcon_sim) by extensions ['ros']
[0.218s] Level 1:colcon.colcon_core.package_identification:_identify(rbcon_sim) by extension 'ros'
[0.221s] DEBUG:colcon.colcon_core.package_identification:Package 'rbcon_sim' with type 'ros.ament_cmake' and name 'rbcon_sim'
[0.221s] Level 1:colcon.colcon_core.package_identification:_identify(shooting_set_description) by extensions ['ignore', 'ignore_ament_install']
[0.221s] Level 1:colcon.colcon_core.package_identification:_identify(shooting_set_description) by extension 'ignore'
[0.221s] Level 1:colcon.colcon_core.package_identification:_identify(shooting_set_description) by extension 'ignore_ament_install'
[0.221s] Level 1:colcon.colcon_core.package_identification:_identify(shooting_set_description) by extensions ['colcon_pkg']
[0.221s] Level 1:colcon.colcon_core.package_identification:_identify(shooting_set_description) by extension 'colcon_pkg'
[0.221s] Level 1:colcon.colcon_core.package_identification:_identify(shooting_set_description) by extensions ['colcon_meta']
[0.221s] Level 1:colcon.colcon_core.package_identification:_identify(shooting_set_description) by extension 'colcon_meta'
[0.221s] Level 1:colcon.colcon_core.package_identification:_identify(shooting_set_description) by extensions ['ros']
[0.221s] Level 1:colcon.colcon_core.package_identification:_identify(shooting_set_description) by extension 'ros'
[0.222s] DEBUG:colcon.colcon_core.package_identification:Package 'shooting_set_description' with type 'ros.ament_python' and name 'shooting_set_description'
[0.222s] Level 1:colcon.colcon_core.package_identification:_identify(sim_controller) by extensions ['ignore', 'ignore_ament_install']
[0.222s] Level 1:colcon.colcon_core.package_identification:_identify(sim_controller) by extension 'ignore'
[0.222s] Level 1:colcon.colcon_core.package_identification:_identify(sim_controller) by extension 'ignore_ament_install'
[0.223s] Level 1:colcon.colcon_core.package_identification:_identify(sim_controller) by extensions ['colcon_pkg']
[0.223s] Level 1:colcon.colcon_core.package_identification:_identify(sim_controller) by extension 'colcon_pkg'
[0.223s] Level 1:colcon.colcon_core.package_identification:_identify(sim_controller) by extensions ['colcon_meta']
[0.223s] Level 1:colcon.colcon_core.package_identification:_identify(sim_controller) by extension 'colcon_meta'
[0.223s] Level 1:colcon.colcon_core.package_identification:_identify(sim_controller) by extensions ['ros']
[0.223s] Level 1:colcon.colcon_core.package_identification:_identify(sim_controller) by extension 'ros'
[0.223s] DEBUG:colcon.colcon_core.package_identification:Package 'sim_controller' with type 'ros.ament_python' and name 'sim_controller'
[0.223s] Level 1:colcon.colcon_core.package_identification:_identify(zeus_init) by extensions ['ignore', 'ignore_ament_install']
[0.223s] Level 1:colcon.colcon_core.package_identification:_identify(zeus_init) by extension 'ignore'
[0.223s] Level 1:colcon.colcon_core.package_identification:_identify(zeus_init) by extension 'ignore_ament_install'
[0.223s] Level 1:colcon.colcon_core.package_identification:_identify(zeus_init) by extensions ['colcon_pkg']
[0.223s] Level 1:colcon.colcon_core.package_identification:_identify(zeus_init) by extension 'colcon_pkg'
[0.223s] Level 1:colcon.colcon_core.package_identification:_identify(zeus_init) by extensions ['colcon_meta']
[0.223s] Level 1:colcon.colcon_core.package_identification:_identify(zeus_init) by extension 'colcon_meta'
[0.223s] Level 1:colcon.colcon_core.package_identification:_identify(zeus_init) by extensions ['ros']
[0.223s] Level 1:colcon.colcon_core.package_identification:_identify(zeus_init) by extension 'ros'
[0.224s] DEBUG:colcon.colcon_core.package_identification:Package 'zeus_init' with type 'ros.ament_cmake' and name 'zeus_init'
[0.224s] Level 1:colcon.colcon_core.package_identification:_identify(zeus_nav) by extensions ['ignore', 'ignore_ament_install']
[0.224s] Level 1:colcon.colcon_core.package_identification:_identify(zeus_nav) by extension 'ignore'
[0.224s] Level 1:colcon.colcon_core.package_identification:_identify(zeus_nav) by extension 'ignore_ament_install'
[0.224s] Level 1:colcon.colcon_core.package_identification:_identify(zeus_nav) by extensions ['colcon_pkg']
[0.224s] Level 1:colcon.colcon_core.package_identification:_identify(zeus_nav) by extension 'colcon_pkg'
[0.224s] Level 1:colcon.colcon_core.package_identification:_identify(zeus_nav) by extensions ['colcon_meta']
[0.224s] Level 1:colcon.colcon_core.package_identification:_identify(zeus_nav) by extension 'colcon_meta'
[0.224s] Level 1:colcon.colcon_core.package_identification:_identify(zeus_nav) by extensions ['ros']
[0.224s] Level 1:colcon.colcon_core.package_identification:_identify(zeus_nav) by extension 'ros'
[0.225s] DEBUG:colcon.colcon_core.package_identification:Package 'zeus_nav' with type 'ros.ament_cmake' and name 'zeus_nav'
[0.225s] Level 1:colcon.colcon_core.package_discovery:discover_packages(recursive) using defaults
[0.225s] Level 1:colcon.colcon_core.package_discovery:discover_packages(ignore) discover
[0.225s] Level 1:colcon.colcon_core.package_discovery:discover_packages(ignore) using defaults
[0.225s] Level 1:colcon.colcon_core.package_discovery:discover_packages(path) discover
[0.225s] Level 1:colcon.colcon_core.package_discovery:discover_packages(path) using defaults
[0.240s] Level 1:colcon.colcon_core.package_discovery:discover_packages(prefix_path) check parameters
[0.240s] Level 1:colcon.colcon_core.package_discovery:discover_packages(prefix_path) discover
[0.242s] DEBUG:colcon.colcon_installed_package_information.package_discovery:Found 1 installed packages in /home/prathmesh2931/testbot_sim/install
[0.243s] DEBUG:colcon.colcon_installed_package_information.package_discovery:Found 13 installed packages in /home/prathmesh2931/ey_working/install
[0.243s] DEBUG:colcon.colcon_installed_package_information.package_discovery:Found 13 installed packages in /home/prathmesh2931/check_ws/install
[0.244s] DEBUG:colcon.colcon_installed_package_information.package_discovery:Found 13 installed packages in /home/prathmesh2931/eyantra_task3/install
[0.245s] DEBUG:colcon.colcon_installed_package_information.package_discovery:Found 4 installed packages in /home/prathmesh2931/twin_ws/install
[0.246s] DEBUG:colcon.colcon_installed_package_information.package_discovery:Found 558 installed packages in /opt/ros/humble
[0.248s] Level 1:colcon.colcon_core.package_discovery:discover_packages(prefix_path) using defaults
[0.287s] Level 5:colcon.colcon_core.verb:set package 'rbcon_sim' build argument 'cmake_args' from command line to 'None'
[0.287s] Level 5:colcon.colcon_core.verb:set package 'rbcon_sim' build argument 'cmake_target' from command line to 'None'
[0.287s] Level 5:colcon.colcon_core.verb:set package 'rbcon_sim' build argument 'cmake_target_skip_unavailable' from command line to 'False'
[0.287s] Level 5:colcon.colcon_core.verb:set package 'rbcon_sim' build argument 'cmake_clean_cache' from command line to 'False'
[0.287s] Level 5:colcon.colcon_core.verb:set package 'rbcon_sim' build argument 'cmake_clean_first' from command line to 'False'
[0.287s] Level 5:colcon.colcon_core.verb:set package 'rbcon_sim' build argument 'cmake_force_configure' from command line to 'False'
[0.287s] Level 5:colcon.colcon_core.verb:set package 'rbcon_sim' build argument 'ament_cmake_args' from command line to 'None'
[0.287s] Level 5:colcon.colcon_core.verb:set package 'rbcon_sim' build argument 'catkin_cmake_args' from command line to 'None'
[0.287s] Level 5:colcon.colcon_core.verb:set package 'rbcon_sim' build argument 'catkin_skip_building_tests' from command line to 'False'
[0.287s] DEBUG:colcon.colcon_core.verb:Building package 'rbcon_sim' with the following arguments: {'ament_cmake_args': None, 'build_base': '/home/prathmesh2931/twinws-asd/build/rbcon_sim', 'catkin_cmake_args': None, 'catkin_skip_building_tests': False, 'cmake_args': None, 'cmake_clean_cache': False, 'cmake_clean_first': False, 'cmake_force_configure': False, 'cmake_target': None, 'cmake_target_skip_unavailable': False, 'install_base': '/home/prathmesh2931/twinws-asd/install/rbcon_sim', 'merge_install': False, 'path': '/home/prathmesh2931/twinws-asd/rbcon_sim', 'symlink_install': True, 'test_result_base': None}
[0.288s] Level 5:colcon.colcon_core.verb:set package 'shooting_set_description' build argument 'cmake_args' from command line to 'None'
[0.288s] Level 5:colcon.colcon_core.verb:set package 'shooting_set_description' build argument 'cmake_target' from command line to 'None'
[0.288s] Level 5:colcon.colcon_core.verb:set package 'shooting_set_description' build argument 'cmake_target_skip_unavailable' from command line to 'False'
[0.288s] Level 5:colcon.colcon_core.verb:set package 'shooting_set_description' build argument 'cmake_clean_cache' from command line to 'False'
[0.288s] Level 5:colcon.colcon_core.verb:set package 'shooting_set_description' build argument 'cmake_clean_first' from command line to 'False'
[0.288s] Level 5:colcon.colcon_core.verb:set package 'shooting_set_description' build argument 'cmake_force_configure' from command line to 'False'
[0.288s] Level 5:colcon.colcon_core.verb:set package 'shooting_set_description' build argument 'ament_cmake_args' from command line to 'None'
[0.288s] Level 5:colcon.colcon_core.verb:set package 'shooting_set_description' build argument 'catkin_cmake_args' from command line to 'None'
[0.288s] Level 5:colcon.colcon_core.verb:set package 'shooting_set_description' build argument 'catkin_skip_building_tests' from command line to 'False'
[0.288s] DEBUG:colcon.colcon_core.verb:Building package 'shooting_set_description' with the following arguments: {'ament_cmake_args': None, 'build_base': '/home/prathmesh2931/twinws-asd/build/shooting_set_description', 'catkin_cmake_args': None, 'catkin_skip_building_tests': False, 'cmake_args': None, 'cmake_clean_cache': False, 'cmake_clean_first': False, 'cmake_force_configure': False, 'cmake_target': None, 'cmake_target_skip_unavailable': False, 'install_base': '/home/prathmesh2931/twinws-asd/install/shooting_set_description', 'merge_install': False, 'path': '/home/prathmesh2931/twinws-asd/shooting_set_description', 'symlink_install': True, 'test_result_base': None}
[0.288s] Level 5:colcon.colcon_core.verb:set package 'sim_controller' build argument 'cmake_args' from command line to 'None'
[0.288s] Level 5:colcon.colcon_core.verb:set package 'sim_controller' build argument 'cmake_target' from command line to 'None'
[0.288s] Level 5:colcon.colcon_core.verb:set package 'sim_controller' build argument 'cmake_target_skip_unavailable' from command line to 'False'
[0.288s] Level 5:colcon.colcon_core.verb:set package 'sim_controller' build argument 'cmake_clean_cache' from command line to 'False'
[0.288s] Level 5:colcon.colcon_core.verb:set package 'sim_controller' build argument 'cmake_clean_first' from command line to 'False'
[0.288s] Level 5:colcon.colcon_core.verb:set package 'sim_controller' build argument 'cmake_force_configure' from command line to 'False'
[0.288s] Level 5:colcon.colcon_core.verb:set package 'sim_controller' build argument 'ament_cmake_args' from command line to 'None'
[0.288s] Level 5:colcon.colcon_core.verb:set package 'sim_controller' build argument 'catkin_cmake_args' from command line to 'None'
[0.288s] Level 5:colcon.colcon_core.verb:set package 'sim_controller' build argument 'catkin_skip_building_tests' from command line to 'False'
[0.288s] DEBUG:colcon.colcon_core.verb:Building package 'sim_controller' with the following arguments: {'ament_cmake_args': None, 'build_base': '/home/prathmesh2931/twinws-asd/build/sim_controller', 'catkin_cmake_args': None, 'catkin_skip_building_tests': False, 'cmake_args': None, 'cmake_clean_cache': False, 'cmake_clean_first': False, 'cmake_force_configure': False, 'cmake_target': None, 'cmake_target_skip_unavailable': False, 'install_base': '/home/prathmesh2931/twinws-asd/install/sim_controller', 'merge_install': False, 'path': '/home/prathmesh2931/twinws-asd/sim_controller', 'symlink_install': True, 'test_result_base': None}
[0.288s] Level 5:colcon.colcon_core.verb:set package 'zeus_init' build argument 'cmake_args' from command line to 'None'
[0.288s] Level 5:colcon.colcon_core.verb:set package 'zeus_init' build argument 'cmake_target' from command line to 'None'
[0.288s] Level 5:colcon.colcon_core.verb:set package 'zeus_init' build argument 'cmake_target_skip_unavailable' from command line to 'False'
[0.288s] Level 5:colcon.colcon_core.verb:set package 'zeus_init' build argument 'cmake_clean_cache' from command line to 'False'
[0.288s] Level 5:colcon.colcon_core.verb:set package 'zeus_init' build argument 'cmake_clean_first' from command line to 'False'
[0.288s] Level 5:colcon.colcon_core.verb:set package 'zeus_init' build argument 'cmake_force_configure' from command line to 'False'
[0.288s] Level 5:colcon.colcon_core.verb:set package 'zeus_init' build argument 'ament_cmake_args' from command line to 'None'
[0.288s] Level 5:colcon.colcon_core.verb:set package 'zeus_init' build argument 'catkin_cmake_args' from command line to 'None'
[0.288s] Level 5:colcon.colcon_core.verb:set package 'zeus_init' build argument 'catkin_skip_building_tests' from command line to 'False'
[0.288s] DEBUG:colcon.colcon_core.verb:Building package 'zeus_init' with the following arguments: {'ament_cmake_args': None, 'build_base': '/home/prathmesh2931/twinws-asd/build/zeus_init', 'catkin_cmake_args': None, 'catkin_skip_building_tests': False, 'cmake_args': None, 'cmake_clean_cache': False, 'cmake_clean_first': False, 'cmake_force_configure': False, 'cmake_target': None, 'cmake_target_skip_unavailable': False, 'install_base': '/home/prathmesh2931/twinws-asd/install/zeus_init', 'merge_install': False, 'path': '/home/prathmesh2931/twinws-asd/zeus_init', 'symlink_install': True, 'test_result_base': None}
[0.289s] Level 5:colcon.colcon_core.verb:set package 'zeus_nav' build argument 'cmake_args' from command line to 'None'
[0.289s] Level 5:colcon.colcon_core.verb:set package 'zeus_nav' build argument 'cmake_target' from command line to 'None'
[0.289s] Level 5:colcon.colcon_core.verb:set package 'zeus_nav' build argument 'cmake_target_skip_unavailable' from command line to 'False'
[0.289s] Level 5:colcon.colcon_core.verb:set package 'zeus_nav' build argument 'cmake_clean_cache' from command line to 'False'
[0.289s] Level 5:colcon.colcon_core.verb:set package 'zeus_nav' build argument 'cmake_clean_first' from command line to 'False'
[0.289s] Level 5:colcon.colcon_core.verb:set package 'zeus_nav' build argument 'cmake_force_configure' from command line to 'False'
[0.289s] Level 5:colcon.colcon_core.verb:set package 'zeus_nav' build argument 'ament_cmake_args' from command line to 'None'
[0.289s] Level 5:colcon.colcon_core.verb:set package 'zeus_nav' build argument 'catkin_cmake_args' from command line to 'None'
[0.289s] Level 5:colcon.colcon_core.verb:set package 'zeus_nav' build argument 'catkin_skip_building_tests' from command line to 'False'
[0.289s] DEBUG:colcon.colcon_core.verb:Building package 'zeus_nav' with the following arguments: {'ament_cmake_args': None, 'build_base': '/home/prathmesh2931/twinws-asd/build/zeus_nav', 'catkin_cmake_args': None, 'catkin_skip_building_tests': False, 'cmake_args': None, 'cmake_clean_cache': False, 'cmake_clean_first': False, 'cmake_force_configure': False, 'cmake_target': None, 'cmake_target_skip_unavailable': False, 'install_base': '/home/prathmesh2931/twinws-asd/install/zeus_nav', 'merge_install': False, 'path': '/home/prathmesh2931/twinws-asd/zeus_nav', 'symlink_install': True, 'test_result_base': None}
[0.289s] INFO:colcon.colcon_core.executor:Executing jobs using 'parallel' executor
[0.290s] DEBUG:colcon.colcon_parallel_executor.executor.parallel:run_until_complete
[0.290s] INFO:colcon.colcon_ros.task.ament_cmake.build:Building ROS package in '/home/prathmesh2931/twinws-asd/rbcon_sim' with build type 'ament_cmake'
[0.290s] INFO:colcon.colcon_cmake.task.cmake.build:Building CMake package in '/home/prathmesh2931/twinws-asd/rbcon_sim'
[0.292s] INFO:colcon.colcon_core.plugin_system:Skipping extension 'colcon_core.shell.bat': Not used on non-Windows systems
[0.292s] INFO:colcon.colcon_core.shell:Skip shell extension 'powershell' for command environment: Not usable outside of PowerShell
[0.292s] DEBUG:colcon.colcon_core.shell:Skip shell extension 'dsv' for command environment
[0.297s] INFO:colcon.colcon_ros.task.ament_python.build:Building ROS package in '/home/prathmesh2931/twinws-asd/shooting_set_description' with build type 'ament_python'
[0.297s] Level 1:colcon.colcon_core.shell:create_environment_hook('shooting_set_description', 'ament_prefix_path')
[0.298s] INFO:colcon.colcon_core.shell:Creating environment hook '/home/prathmesh2931/twinws-asd/install/shooting_set_description/share/shooting_set_description/hook/ament_prefix_path.ps1'
[0.298s] INFO:colcon.colcon_core.shell:Creating environment descriptor '/home/prathmesh2931/twinws-asd/install/shooting_set_description/share/shooting_set_description/hook/ament_prefix_path.dsv'
[0.299s] INFO:colcon.colcon_core.shell:Creating environment hook '/home/prathmesh2931/twinws-asd/install/shooting_set_description/share/shooting_set_description/hook/ament_prefix_path.sh'
[0.299s] INFO:colcon.colcon_core.shell:Skip shell extension 'powershell' for command environment: Not usable outside of PowerShell
[0.299s] DEBUG:colcon.colcon_core.shell:Skip shell extension 'dsv' for command environment
[0.304s] INFO:colcon.colcon_ros.task.ament_python.build:Building ROS package in '/home/prathmesh2931/twinws-asd/sim_controller' with build type 'ament_python'
[0.305s] Level 1:colcon.colcon_core.shell:create_environment_hook('sim_controller', 'ament_prefix_path')
[0.305s] INFO:colcon.colcon_core.shell:Creating environment hook '/home/prathmesh2931/twinws-asd/install/sim_controller/share/sim_controller/hook/ament_prefix_path.ps1'
[0.305s] INFO:colcon.colcon_core.shell:Creating environment descriptor '/home/prathmesh2931/twinws-asd/install/sim_controller/share/sim_controller/hook/ament_prefix_path.dsv'
[0.305s] INFO:colcon.colcon_core.shell:Creating environment hook '/home/prathmesh2931/twinws-asd/install/sim_controller/share/sim_controller/hook/ament_prefix_path.sh'
[0.306s] INFO:colcon.colcon_core.shell:Skip shell extension 'powershell' for command environment: Not usable outside of PowerShell
[0.306s] DEBUG:colcon.colcon_core.shell:Skip shell extension 'dsv' for command environment
[0.311s] INFO:colcon.colcon_ros.task.ament_cmake.build:Building ROS package in '/home/prathmesh2931/twinws-asd/zeus_init' with build type 'ament_cmake'
[0.311s] INFO:colcon.colcon_cmake.task.cmake.build:Building CMake package in '/home/prathmesh2931/twinws-asd/zeus_init'
[0.311s] INFO:colcon.colcon_core.shell:Skip shell extension 'powershell' for command environment: Not usable outside of PowerShell
[0.311s] DEBUG:colcon.colcon_core.shell:Skip shell extension 'dsv' for command environment
[0.317s] INFO:colcon.colcon_ros.task.ament_cmake.build:Building ROS package in '/home/prathmesh2931/twinws-asd/zeus_nav' with build type 'ament_cmake'
[0.317s] INFO:colcon.colcon_cmake.task.cmake.build:Building CMake package in '/home/prathmesh2931/twinws-asd/zeus_nav'
[0.317s] INFO:colcon.colcon_core.shell:Skip shell extension 'powershell' for command environment: Not usable outside of PowerShell
[0.317s] DEBUG:colcon.colcon_core.shell:Skip shell extension 'dsv' for command environment
[0.330s] DEBUG:colcon.colcon_core.event_handler.log_command:Invoking command in '/home/prathmesh2931/twinws-asd/build/rbcon_sim': CMAKE_PREFIX_PATH=${CMAKE_PREFIX_PATH}:/home/prathmesh2931/ey_working/install/ur5_control:/home/prathmesh2931/check_ws/install/ur5_control:/home/prathmesh2931/eyantra_task3/install/ur5_control:/home/prathmesh2931/twin_ws/install/zeus_description:/home/prathmesh2931/twin_ws/install/sim_controller:/home/prathmesh2931/twin_ws/install/shooting_set_description:/opt/ros/humble /usr/bin/cmake /home/prathmesh2931/twinws-asd/rbcon_sim -DAMENT_CMAKE_SYMLINK_INSTALL=1 -DCMAKE_INSTALL_PREFIX=/home/prathmesh2931/twinws-asd/install/rbcon_sim
[0.536s] INFO:colcon.colcon_core.task.python.build:Building Python package in '/home/prathmesh2931/twinws-asd/shooting_set_description'
[0.536s] INFO:colcon.colcon_core.shell:Skip shell extension 'powershell' for command environment: Not usable outside of PowerShell
[0.536s] DEBUG:colcon.colcon_core.shell:Skip shell extension 'dsv' for command environment
[0.758s] INFO:colcon.colcon_core.task.python.build:Building Python package in '/home/prathmesh2931/twinws-asd/sim_controller'
[0.759s] INFO:colcon.colcon_core.shell:Skip shell extension 'powershell' for command environment: Not usable outside of PowerShell
[0.759s] DEBUG:colcon.colcon_core.shell:Skip shell extension 'dsv' for command environment
[0.769s] DEBUG:colcon.colcon_core.event_handler.log_command:Invoking command in '/home/prathmesh2931/twinws-asd/build/zeus_init': CMAKE_PREFIX_PATH=${CMAKE_PREFIX_PATH}:/home/prathmesh2931/ey_working/install/ur5_control:/home/prathmesh2931/check_ws/install/ur5_control:/home/prathmesh2931/eyantra_task3/install/ur5_control:/home/prathmesh2931/twin_ws/install/zeus_description:/home/prathmesh2931/twin_ws/install/sim_controller:/home/prathmesh2931/twin_ws/install/shooting_set_description:/opt/ros/humble /usr/bin/cmake /home/prathmesh2931/twinws-asd/zeus_init -DAMENT_CMAKE_SYMLINK_INSTALL=1 -DCMAKE_INSTALL_PREFIX=/home/prathmesh2931/twinws-asd/install/zeus_init
[0.774s] DEBUG:colcon.colcon_core.event_handler.log_command:Invoking command in '/home/prathmesh2931/twinws-asd/build/zeus_nav': CMAKE_PREFIX_PATH=${CMAKE_PREFIX_PATH}:/home/prathmesh2931/ey_working/install/ur5_control:/home/prathmesh2931/check_ws/install/ur5_control:/home/prathmesh2931/eyantra_task3/install/ur5_control:/home/prathmesh2931/twin_ws/install/zeus_description:/home/prathmesh2931/twin_ws/install/sim_controller:/home/prathmesh2931/twin_ws/install/shooting_set_description:/opt/ros/humble /usr/bin/cmake /home/prathmesh2931/twinws-asd/zeus_nav -DAMENT_CMAKE_SYMLINK_INSTALL=1 -DCMAKE_INSTALL_PREFIX=/home/prathmesh2931/twinws-asd/install/zeus_nav
[1.163s] DEBUG:colcon.colcon_core.event_handler.log_command:Invoking command in '/home/prathmesh2931/twinws-asd/build/shooting_set_description': PYTHONPATH=/home/prathmesh2931/twinws-asd/build/shooting_set_description/prefix_override:/usr/lib/python3/dist-packages/colcon_core/task/python/colcon_distutils_commands:/home/prathmesh2931/twinws-asd/install/shooting_set_description/lib/python3.10/site-packages:${PYTHONPATH} /usr/bin/python3 -W ignore:setup.py install is deprecated -W ignore:easy_install command is deprecated setup.py develop --editable --build-directory /home/prathmesh2931/twinws-asd/build/shooting_set_description/build --no-deps symlink_data
[1.187s] DEBUG:colcon.colcon_core.event_handler.log_command:Invoking command in '/home/prathmesh2931/twinws-asd/build/sim_controller': PYTHONPATH=/home/prathmesh2931/twinws-asd/build/sim_controller/prefix_override:/usr/lib/python3/dist-packages/colcon_core/task/python/colcon_distutils_commands:/home/prathmesh2931/twinws-asd/install/sim_controller/lib/python3.10/site-packages:${PYTHONPATH} /usr/bin/python3 -W ignore:setup.py install is deprecated -W ignore:easy_install command is deprecated setup.py develop --editable --build-directory /home/prathmesh2931/twinws-asd/build/sim_controller/build --no-deps symlink_data
[1.556s] Level 1:colcon.colcon_core.shell:create_environment_hook('shooting_set_description', 'pythonpath_develop')
[1.556s] INFO:colcon.colcon_core.shell:Creating environment hook '/home/prathmesh2931/twinws-asd/build/shooting_set_description/share/shooting_set_description/hook/pythonpath_develop.ps1'
[1.557s] DEBUG:colcon.colcon_core.event_handler.log_command:Invoked command in '/home/prathmesh2931/twinws-asd/build/shooting_set_description' returned '0': PYTHONPATH=/home/prathmesh2931/twinws-asd/build/shooting_set_description/prefix_override:/usr/lib/python3/dist-packages/colcon_core/task/python/colcon_distutils_commands:/home/prathmesh2931/twinws-asd/install/shooting_set_description/lib/python3.10/site-packages:${PYTHONPATH} /usr/bin/python3 -W ignore:setup.py install is deprecated -W ignore:easy_install command is deprecated setup.py develop --editable --build-directory /home/prathmesh2931/twinws-asd/build/shooting_set_description/build --no-deps symlink_data
[1.557s] INFO:colcon.colcon_core.shell:Creating environment descriptor '/home/prathmesh2931/twinws-asd/build/shooting_set_description/share/shooting_set_description/hook/pythonpath_develop.dsv'
[1.558s] INFO:colcon.colcon_core.shell:Creating environment hook '/home/prathmesh2931/twinws-asd/build/shooting_set_description/share/shooting_set_description/hook/pythonpath_develop.sh'
[1.560s] Level 1:colcon.colcon_core.environment:checking '/home/prathmesh2931/twinws-asd/install/shooting_set_description' for CMake module files
[1.560s] Level 1:colcon.colcon_core.environment:checking '/home/prathmesh2931/twinws-asd/install/shooting_set_description' for CMake config files
[1.560s] Level 1:colcon.colcon_core.environment:checking '/home/prathmesh2931/twinws-asd/install/shooting_set_description/lib'
[1.561s] Level 1:colcon.colcon_core.environment:checking '/home/prathmesh2931/twinws-asd/install/shooting_set_description/bin'
[1.561s] Level 1:colcon.colcon_core.environment:checking '/home/prathmesh2931/twinws-asd/install/shooting_set_description/lib/pkgconfig/shooting_set_description.pc'
[1.561s] Level 1:colcon.colcon_core.environment:checking '/home/prathmesh2931/twinws-asd/install/shooting_set_description/lib/python3.10/site-packages'
[1.561s] Level 1:colcon.colcon_core.shell:create_environment_hook('shooting_set_description', 'pythonpath')
[1.561s] INFO:colcon.colcon_core.shell:Creating environment hook '/home/prathmesh2931/twinws-asd/install/shooting_set_description/share/shooting_set_description/hook/pythonpath.ps1'
[1.561s] INFO:colcon.colcon_core.shell:Creating environment descriptor '/home/prathmesh2931/twinws-asd/install/shooting_set_description/share/shooting_set_description/hook/pythonpath.dsv'
[1.561s] INFO:colcon.colcon_core.shell:Creating environment hook '/home/prathmesh2931/twinws-asd/install/shooting_set_description/share/shooting_set_description/hook/pythonpath.sh'
[1.562s] Level 1:colcon.colcon_core.environment:checking '/home/prathmesh2931/twinws-asd/install/shooting_set_description/bin'
[1.562s] Level 1:colcon.colcon_core.environment:create_environment_scripts_only(shooting_set_description)
[1.562s] INFO:colcon.colcon_core.shell:Creating package script '/home/prathmesh2931/twinws-asd/install/shooting_set_description/share/shooting_set_description/package.ps1'
[1.563s] INFO:colcon.colcon_core.shell:Creating package descriptor '/home/prathmesh2931/twinws-asd/install/shooting_set_description/share/shooting_set_description/package.dsv'
[1.563s] INFO:colcon.colcon_core.shell:Creating package script '/home/prathmesh2931/twinws-asd/install/shooting_set_description/share/shooting_set_description/package.sh'
[1.563s] INFO:colcon.colcon_core.shell:Creating package script '/home/prathmesh2931/twinws-asd/install/shooting_set_description/share/shooting_set_description/package.bash'
[1.564s] INFO:colcon.colcon_core.shell:Creating package script '/home/prathmesh2931/twinws-asd/install/shooting_set_description/share/shooting_set_description/package.zsh'
[1.564s] Level 1:colcon.colcon_core.environment:create_file_with_runtime_dependencies(/home/prathmesh2931/twinws-asd/install/shooting_set_description/share/colcon-core/packages/shooting_set_description)
[1.566s] DEBUG:colcon.colcon_core.event_handler.log_command:Invoked command in '/home/prathmesh2931/twinws-asd/build/zeus_nav' returned '0': CMAKE_PREFIX_PATH=${CMAKE_PREFIX_PATH}:/home/prathmesh2931/ey_working/install/ur5_control:/home/prathmesh2931/check_ws/install/ur5_control:/home/prathmesh2931/eyantra_task3/install/ur5_control:/home/prathmesh2931/twin_ws/install/zeus_description:/home/prathmesh2931/twin_ws/install/sim_controller:/home/prathmesh2931/twin_ws/install/shooting_set_description:/opt/ros/humble /usr/bin/cmake /home/prathmesh2931/twinws-asd/zeus_nav -DAMENT_CMAKE_SYMLINK_INSTALL=1 -DCMAKE_INSTALL_PREFIX=/home/prathmesh2931/twinws-asd/install/zeus_nav
[1.567s] DEBUG:colcon.colcon_core.event_handler.log_command:Invoking command in '/home/prathmesh2931/twinws-asd/build/zeus_nav': CMAKE_PREFIX_PATH=${CMAKE_PREFIX_PATH}:/home/prathmesh2931/ey_working/install/ur5_control:/home/prathmesh2931/check_ws/install/ur5_control:/home/prathmesh2931/eyantra_task3/install/ur5_control:/home/prathmesh2931/twin_ws/install/zeus_description:/home/prathmesh2931/twin_ws/install/sim_controller:/home/prathmesh2931/twin_ws/install/shooting_set_description:/opt/ros/humble /usr/bin/cmake --build /home/prathmesh2931/twinws-asd/build/zeus_nav -- -j12 -l12
[1.618s] Level 1:colcon.colcon_core.shell:create_environment_hook('sim_controller', 'pythonpath_develop')
[1.619s] INFO:colcon.colcon_core.shell:Creating environment hook '/home/prathmesh2931/twinws-asd/build/sim_controller/share/sim_controller/hook/pythonpath_develop.ps1'
[1.619s] DEBUG:colcon.colcon_core.event_handler.log_command:Invoked command in '/home/prathmesh2931/twinws-asd/build/sim_controller' returned '0': PYTHONPATH=/home/prathmesh2931/twinws-asd/build/sim_controller/prefix_override:/usr/lib/python3/dist-packages/colcon_core/task/python/colcon_distutils_commands:/home/prathmesh2931/twinws-asd/install/sim_controller/lib/python3.10/site-packages:${PYTHONPATH} /usr/bin/python3 -W ignore:setup.py install is deprecated -W ignore:easy_install command is deprecated setup.py develop --editable --build-directory /home/prathmesh2931/twinws-asd/build/sim_controller/build --no-deps symlink_data
[1.619s] INFO:colcon.colcon_core.shell:Creating environment descriptor '/home/prathmesh2931/twinws-asd/build/sim_controller/share/sim_controller/hook/pythonpath_develop.dsv'
[1.619s] INFO:colcon.colcon_core.shell:Creating environment hook '/home/prathmesh2931/twinws-asd/build/sim_controller/share/sim_controller/hook/pythonpath_develop.sh'
[1.620s] Level 1:colcon.colcon_core.environment:checking '/home/prathmesh2931/twinws-asd/install/sim_controller' for CMake module files
[1.620s] Level 1:colcon.colcon_core.environment:checking '/home/prathmesh2931/twinws-asd/install/sim_controller' for CMake config files
[1.620s] Level 1:colcon.colcon_core.environment:checking '/home/prathmesh2931/twinws-asd/install/sim_controller/lib'
[1.620s] Level 1:colcon.colcon_core.environment:checking '/home/prathmesh2931/twinws-asd/install/sim_controller/bin'
[1.620s] Level 1:colcon.colcon_core.environment:checking '/home/prathmesh2931/twinws-asd/install/sim_controller/lib/pkgconfig/sim_controller.pc'
[1.621s] Level 1:colcon.colcon_core.environment:checking '/home/prathmesh2931/twinws-asd/install/sim_controller/lib/python3.10/site-packages'
[1.621s] Level 1:colcon.colcon_core.shell:create_environment_hook('sim_controller', 'pythonpath')
[1.621s] INFO:colcon.colcon_core.shell:Creating environment hook '/home/prathmesh2931/twinws-asd/install/sim_controller/share/sim_controller/hook/pythonpath.ps1'
[1.621s] INFO:colcon.colcon_core.shell:Creating environment descriptor '/home/prathmesh2931/twinws-asd/install/sim_controller/share/sim_controller/hook/pythonpath.dsv'
[1.621s] INFO:colcon.colcon_core.shell:Creating environment hook '/home/prathmesh2931/twinws-asd/install/sim_controller/share/sim_controller/hook/pythonpath.sh'
[1.622s] Level 1:colcon.colcon_core.environment:checking '/home/prathmesh2931/twinws-asd/install/sim_controller/bin'
[1.622s] Level 1:colcon.colcon_core.environment:create_environment_scripts_only(sim_controller)
[1.622s] INFO:colcon.colcon_core.shell:Creating package script '/home/prathmesh2931/twinws-asd/install/sim_controller/share/sim_controller/package.ps1'
[1.622s] INFO:colcon.colcon_core.shell:Creating package descriptor '/home/prathmesh2931/twinws-asd/install/sim_controller/share/sim_controller/package.dsv'
[1.623s] INFO:colcon.colcon_core.shell:Creating package script '/home/prathmesh2931/twinws-asd/install/sim_controller/share/sim_controller/package.sh'
[1.623s] INFO:colcon.colcon_core.shell:Creating package script '/home/prathmesh2931/twinws-asd/install/sim_controller/share/sim_controller/package.bash'
[1.623s] INFO:colcon.colcon_core.shell:Creating package script '/home/prathmesh2931/twinws-asd/install/sim_controller/share/sim_controller/package.zsh'
[1.623s] Level 1:colcon.colcon_core.environment:create_file_with_runtime_dependencies(/home/prathmesh2931/twinws-asd/install/sim_controller/share/colcon-core/packages/sim_controller)
[1.720s] DEBUG:colcon.colcon_core.event_handler.log_command:Invoked command in '/home/prathmesh2931/twinws-asd/build/zeus_init' returned '0': CMAKE_PREFIX_PATH=${CMAKE_PREFIX_PATH}:/home/prathmesh2931/ey_working/install/ur5_control:/home/prathmesh2931/check_ws/install/ur5_control:/home/prathmesh2931/eyantra_task3/install/ur5_control:/home/prathmesh2931/twin_ws/install/zeus_description:/home/prathmesh2931/twin_ws/install/sim_controller:/home/prathmesh2931/twin_ws/install/shooting_set_description:/opt/ros/humble /usr/bin/cmake /home/prathmesh2931/twinws-asd/zeus_init -DAMENT_CMAKE_SYMLINK_INSTALL=1 -DCMAKE_INSTALL_PREFIX=/home/prathmesh2931/twinws-asd/install/zeus_init
[1.721s] DEBUG:colcon.colcon_core.event_handler.log_command:Invoking command in '/home/prathmesh2931/twinws-asd/build/zeus_init': CMAKE_PREFIX_PATH=${CMAKE_PREFIX_PATH}:/home/prathmesh2931/ey_working/install/ur5_control:/home/prathmesh2931/check_ws/install/ur5_control:/home/prathmesh2931/eyantra_task3/install/ur5_control:/home/prathmesh2931/twin_ws/install/zeus_description:/home/prathmesh2931/twin_ws/install/sim_controller:/home/prathmesh2931/twin_ws/install/shooting_set_description:/opt/ros/humble /usr/bin/cmake --build /home/prathmesh2931/twinws-asd/build/zeus_init -- -j12 -l12
[1.767s] DEBUG:colcon.colcon_core.event_handler.log_command:Invoked command in '/home/prathmesh2931/twinws-asd/build/zeus_init' returned '0': CMAKE_PREFIX_PATH=${CMAKE_PREFIX_PATH}:/home/prathmesh2931/ey_working/install/ur5_control:/home/prathmesh2931/check_ws/install/ur5_control:/home/prathmesh2931/eyantra_task3/install/ur5_control:/home/prathmesh2931/twin_ws/install/zeus_description:/home/prathmesh2931/twin_ws/install/sim_controller:/home/prathmesh2931/twin_ws/install/shooting_set_description:/opt/ros/humble /usr/bin/cmake --build /home/prathmesh2931/twinws-asd/build/zeus_init -- -j12 -l12
[1.776s] DEBUG:colcon.colcon_core.event_handler.log_command:Invoking command in '/home/prathmesh2931/twinws-asd/build/zeus_init': CMAKE_PREFIX_PATH=${CMAKE_PREFIX_PATH}:/home/prathmesh2931/ey_working/install/ur5_control:/home/prathmesh2931/check_ws/install/ur5_control:/home/prathmesh2931/eyantra_task3/install/ur5_control:/home/prathmesh2931/twin_ws/install/zeus_description:/home/prathmesh2931/twin_ws/install/sim_controller:/home/prathmesh2931/twin_ws/install/shooting_set_description:/opt/ros/humble /usr/bin/cmake --install /home/prathmesh2931/twinws-asd/build/zeus_init
[1.891s] DEBUG:colcon.colcon_core.event_handler.log_command:Invoked command in '/home/prathmesh2931/twinws-asd/build/zeus_nav' returned '0': CMAKE_PREFIX_PATH=${CMAKE_PREFIX_PATH}:/home/prathmesh2931/ey_working/install/ur5_control:/home/prathmesh2931/check_ws/install/ur5_control:/home/prathmesh2931/eyantra_task3/install/ur5_control:/home/prathmesh2931/twin_ws/install/zeus_description:/home/prathmesh2931/twin_ws/install/sim_controller:/home/prathmesh2931/twin_ws/install/shooting_set_description:/opt/ros/humble /usr/bin/cmake --build /home/prathmesh2931/twinws-asd/build/zeus_nav -- -j12 -l12
[1.893s] DEBUG:colcon.colcon_core.event_handler.log_command:Invoking command in '/home/prathmesh2931/twinws-asd/build/zeus_nav': CMAKE_PREFIX_PATH=${CMAKE_PREFIX_PATH}:/home/prathmesh2931/ey_working/install/ur5_control:/home/prathmesh2931/check_ws/install/ur5_control:/home/prathmesh2931/eyantra_task3/install/ur5_control:/home/prathmesh2931/twin_ws/install/zeus_description:/home/prathmesh2931/twin_ws/install/sim_controller:/home/prathmesh2931/twin_ws/install/shooting_set_description:/opt/ros/humble /usr/bin/cmake --install /home/prathmesh2931/twinws-asd/build/zeus_nav
[2.087s] Level 1:colcon.colcon_core.environment:create_environment_scripts_only(zeus_init)
[2.088s] Level 1:colcon.colcon_core.environment:checking '/home/prathmesh2931/twinws-asd/install/zeus_init' for CMake module files
[2.088s] DEBUG:colcon.colcon_core.event_handler.log_command:Invoked command in '/home/prathmesh2931/twinws-asd/build/zeus_init' returned '0': CMAKE_PREFIX_PATH=${CMAKE_PREFIX_PATH}:/home/prathmesh2931/ey_working/install/ur5_control:/home/prathmesh2931/check_ws/install/ur5_control:/home/prathmesh2931/eyantra_task3/install/ur5_control:/home/prathmesh2931/twin_ws/install/zeus_description:/home/prathmesh2931/twin_ws/install/sim_controller:/home/prathmesh2931/twin_ws/install/shooting_set_description:/opt/ros/humble /usr/bin/cmake --install /home/prathmesh2931/twinws-asd/build/zeus_init
[2.089s] Level 1:colcon.colcon_core.environment:checking '/home/prathmesh2931/twinws-asd/install/zeus_init' for CMake config files
[2.089s] Level 1:colcon.colcon_core.shell:create_environment_hook('zeus_init', 'cmake_prefix_path')
[2.090s] INFO:colcon.colcon_core.shell:Creating environment hook '/home/prathmesh2931/twinws-asd/install/zeus_init/share/zeus_init/hook/cmake_prefix_path.ps1'
[2.090s] INFO:colcon.colcon_core.shell:Creating environment descriptor '/home/prathmesh2931/twinws-asd/install/zeus_init/share/zeus_init/hook/cmake_prefix_path.dsv'
[2.091s] INFO:colcon.colcon_core.shell:Creating environment hook '/home/prathmesh2931/twinws-asd/install/zeus_init/share/zeus_init/hook/cmake_prefix_path.sh'
[2.091s] Level 1:colcon.colcon_core.environment:checking '/home/prathmesh2931/twinws-asd/install/zeus_init/lib'
[2.091s] Level 1:colcon.colcon_core.environment:checking '/home/prathmesh2931/twinws-asd/install/zeus_init/bin'
[2.091s] Level 1:colcon.colcon_core.environment:checking '/home/prathmesh2931/twinws-asd/install/zeus_init/lib/pkgconfig/zeus_init.pc'
[2.091s] Level 1:colcon.colcon_core.environment:checking '/home/prathmesh2931/twinws-asd/install/zeus_init/lib/python3.10/site-packages'
[2.091s] Level 1:colcon.colcon_core.environment:checking '/home/prathmesh2931/twinws-asd/install/zeus_init/bin'
[2.092s] INFO:colcon.colcon_core.shell:Creating package script '/home/prathmesh2931/twinws-asd/install/zeus_init/share/zeus_init/package.ps1'
[2.092s] INFO:colcon.colcon_core.shell:Creating package descriptor '/home/prathmesh2931/twinws-asd/install/zeus_init/share/zeus_init/package.dsv'
[2.092s] INFO:colcon.colcon_core.shell:Creating package script '/home/prathmesh2931/twinws-asd/install/zeus_init/share/zeus_init/package.sh'
[2.093s] INFO:colcon.colcon_core.shell:Creating package script '/home/prathmesh2931/twinws-asd/install/zeus_init/share/zeus_init/package.bash'
[2.093s] INFO:colcon.colcon_core.shell:Creating package script '/home/prathmesh2931/twinws-asd/install/zeus_init/share/zeus_init/package.zsh'
[2.093s] Level 1:colcon.colcon_core.environment:create_file_with_runtime_dependencies(/home/prathmesh2931/twinws-asd/install/zeus_init/share/colcon-core/packages/zeus_init)
[2.093s] Level 1:colcon.colcon_core.environment:create_environment_scripts_only(zeus_init)
[2.094s] Level 1:colcon.colcon_core.environment:checking '/home/prathmesh2931/twinws-asd/install/zeus_init' for CMake module files
[2.094s] Level 1:colcon.colcon_core.environment:checking '/home/prathmesh2931/twinws-asd/install/zeus_init' for CMake config files
[2.094s] Level 1:colcon.colcon_core.shell:create_environment_hook('zeus_init', 'cmake_prefix_path')
[2.095s] INFO:colcon.colcon_core.shell:Creating environment hook '/home/prathmesh2931/twinws-asd/install/zeus_init/share/zeus_init/hook/cmake_prefix_path.ps1'
[2.096s] INFO:colcon.colcon_core.shell:Creating environment descriptor '/home/prathmesh2931/twinws-asd/install/zeus_init/share/zeus_init/hook/cmake_prefix_path.dsv'
[2.096s] INFO:colcon.colcon_core.shell:Creating environment hook '/home/prathmesh2931/twinws-asd/install/zeus_init/share/zeus_init/hook/cmake_prefix_path.sh'
[2.097s] Level 1:colcon.colcon_core.environment:checking '/home/prathmesh2931/twinws-asd/install/zeus_init/lib'
[2.097s] Level 1:colcon.colcon_core.environment:checking '/home/prathmesh2931/twinws-asd/install/zeus_init/bin'
[2.097s] Level 1:colcon.colcon_core.environment:checking '/home/prathmesh2931/twinws-asd/install/zeus_init/lib/pkgconfig/zeus_init.pc'
[2.097s] Level 1:colcon.colcon_core.environment:checking '/home/prathmesh2931/twinws-asd/install/zeus_init/lib/python3.10/site-packages'
[2.097s] Level 1:colcon.colcon_core.environment:checking '/home/prathmesh2931/twinws-asd/install/zeus_init/bin'
[2.097s] INFO:colcon.colcon_core.shell:Creating package script '/home/prathmesh2931/twinws-asd/install/zeus_init/share/zeus_init/package.ps1'
[2.098s] INFO:colcon.colcon_core.shell:Creating package descriptor '/home/prathmesh2931/twinws-asd/install/zeus_init/share/zeus_init/package.dsv'
[2.098s] INFO:colcon.colcon_core.shell:Creating package script '/home/prathmesh2931/twinws-asd/install/zeus_init/share/zeus_init/package.sh'
[2.098s] INFO:colcon.colcon_core.shell:Creating package script '/home/prathmesh2931/twinws-asd/install/zeus_init/share/zeus_init/package.bash'
[2.099s] INFO:colcon.colcon_core.shell:Creating package script '/home/prathmesh2931/twinws-asd/install/zeus_init/share/zeus_init/package.zsh'
[2.099s] Level 1:colcon.colcon_core.environment:create_file_with_runtime_dependencies(/home/prathmesh2931/twinws-asd/install/zeus_init/share/colcon-core/packages/zeus_init)
[2.223s] Level 1:colcon.colcon_core.environment:create_environment_scripts_only(zeus_nav)
[2.223s] Level 1:colcon.colcon_core.environment:checking '/home/prathmesh2931/twinws-asd/install/zeus_nav' for CMake module files
[2.224s] DEBUG:colcon.colcon_core.event_handler.log_command:Invoked command in '/home/prathmesh2931/twinws-asd/build/zeus_nav' returned '0': CMAKE_PREFIX_PATH=${CMAKE_PREFIX_PATH}:/home/prathmesh2931/ey_working/install/ur5_control:/home/prathmesh2931/check_ws/install/ur5_control:/home/prathmesh2931/eyantra_task3/install/ur5_control:/home/prathmesh2931/twin_ws/install/zeus_description:/home/prathmesh2931/twin_ws/install/sim_controller:/home/prathmesh2931/twin_ws/install/shooting_set_description:/opt/ros/humble /usr/bin/cmake --install /home/prathmesh2931/twinws-asd/build/zeus_nav
[2.224s] Level 1:colcon.colcon_core.environment:checking '/home/prathmesh2931/twinws-asd/install/zeus_nav' for CMake config files
[2.225s] Level 1:colcon.colcon_core.shell:create_environment_hook('zeus_nav', 'cmake_prefix_path')
[2.225s] INFO:colcon.colcon_core.shell:Creating environment hook '/home/prathmesh2931/twinws-asd/install/zeus_nav/share/zeus_nav/hook/cmake_prefix_path.ps1'
[2.226s] INFO:colcon.colcon_core.shell:Creating environment descriptor '/home/prathmesh2931/twinws-asd/install/zeus_nav/share/zeus_nav/hook/cmake_prefix_path.dsv'
[2.226s] INFO:colcon.colcon_core.shell:Creating environment hook '/home/prathmesh2931/twinws-asd/install/zeus_nav/share/zeus_nav/hook/cmake_prefix_path.sh'
[2.227s] Level 1:colcon.colcon_core.environment:checking '/home/prathmesh2931/twinws-asd/install/zeus_nav/lib'
[2.227s] Level 1:colcon.colcon_core.environment:checking '/home/prathmesh2931/twinws-asd/install/zeus_nav/bin'
[2.227s] Level 1:colcon.colcon_core.environment:checking '/home/prathmesh2931/twinws-asd/install/zeus_nav/lib/pkgconfig/zeus_nav.pc'
[2.228s] Level 1:colcon.colcon_core.environment:checking '/home/prathmesh2931/twinws-asd/install/zeus_nav/lib/python3.10/site-packages'
[2.228s] Level 1:colcon.colcon_core.environment:checking '/home/prathmesh2931/twinws-asd/install/zeus_nav/bin'
[2.228s] INFO:colcon.colcon_core.shell:Creating package script '/home/prathmesh2931/twinws-asd/install/zeus_nav/share/zeus_nav/package.ps1'
[2.228s] INFO:colcon.colcon_core.shell:Creating package descriptor '/home/prathmesh2931/twinws-asd/install/zeus_nav/share/zeus_nav/package.dsv'
[2.229s] INFO:colcon.colcon_core.shell:Creating package script '/home/prathmesh2931/twinws-asd/install/zeus_nav/share/zeus_nav/package.sh'
[2.229s] INFO:colcon.colcon_core.shell:Creating package script '/home/prathmesh2931/twinws-asd/install/zeus_nav/share/zeus_nav/package.bash'
[2.229s] INFO:colcon.colcon_core.shell:Creating package script '/home/prathmesh2931/twinws-asd/install/zeus_nav/share/zeus_nav/package.zsh'
[2.230s] Level 1:colcon.colcon_core.environment:create_file_with_runtime_dependencies(/home/prathmesh2931/twinws-asd/install/zeus_nav/share/colcon-core/packages/zeus_nav)
[2.230s] Level 1:colcon.colcon_core.environment:create_environment_scripts_only(zeus_nav)
[2.231s] Level 1:colcon.colcon_core.environment:checking '/home/prathmesh2931/twinws-asd/install/zeus_nav' for CMake module files
[2.232s] Level 1:colcon.colcon_core.environment:checking '/home/prathmesh2931/twinws-asd/install/zeus_nav' for CMake config files
[2.232s] Level 1:colcon.colcon_core.shell:create_environment_hook('zeus_nav', 'cmake_prefix_path')
[2.233s] INFO:colcon.colcon_core.shell:Creating environment hook '/home/prathmesh2931/twinws-asd/install/zeus_nav/share/zeus_nav/hook/cmake_prefix_path.ps1'
[2.233s] INFO:colcon.colcon_core.shell:Creating environment descriptor '/home/prathmesh2931/twinws-asd/install/zeus_nav/share/zeus_nav/hook/cmake_prefix_path.dsv'
[2.234s] INFO:colcon.colcon_core.shell:Creating environment hook '/home/prathmesh2931/twinws-asd/install/zeus_nav/share/zeus_nav/hook/cmake_prefix_path.sh'
[2.235s] Level 1:colcon.colcon_core.environment:checking '/home/prathmesh2931/twinws-asd/install/zeus_nav/lib'
[2.235s] Level 1:colcon.colcon_core.environment:checking '/home/prathmesh2931/twinws-asd/install/zeus_nav/bin'
[2.235s] Level 1:colcon.colcon_core.environment:checking '/home/prathmesh2931/twinws-asd/install/zeus_nav/lib/pkgconfig/zeus_nav.pc'
[2.235s] Level 1:colcon.colcon_core.environment:checking '/home/prathmesh2931/twinws-asd/install/zeus_nav/lib/python3.10/site-packages'
[2.236s] Level 1:colcon.colcon_core.environment:checking '/home/prathmesh2931/twinws-asd/install/zeus_nav/bin'
[2.236s] INFO:colcon.colcon_core.shell:Creating package script '/home/prathmesh2931/twinws-asd/install/zeus_nav/share/zeus_nav/package.ps1'
[2.237s] INFO:colcon.colcon_core.shell:Creating package descriptor '/home/prathmesh2931/twinws-asd/install/zeus_nav/share/zeus_nav/package.dsv'
[2.237s] INFO:colcon.colcon_core.shell:Creating package script '/home/prathmesh2931/twinws-asd/install/zeus_nav/share/zeus_nav/package.sh'
[2.238s] INFO:colcon.colcon_core.shell:Creating package script '/home/prathmesh2931/twinws-asd/install/zeus_nav/share/zeus_nav/package.bash'
[2.238s] INFO:colcon.colcon_core.shell:Creating package script '/home/prathmesh2931/twinws-asd/install/zeus_nav/share/zeus_nav/package.zsh'
[2.239s] Level 1:colcon.colcon_core.environment:create_file_with_runtime_dependencies(/home/prathmesh2931/twinws-asd/install/zeus_nav/share/colcon-core/packages/zeus_nav)
[2.280s] DEBUG:colcon.colcon_core.event_handler.log_command:Invoked command in '/home/prathmesh2931/twinws-asd/build/rbcon_sim' returned '0': CMAKE_PREFIX_PATH=${CMAKE_PREFIX_PATH}:/home/prathmesh2931/ey_working/install/ur5_control:/home/prathmesh2931/check_ws/install/ur5_control:/home/prathmesh2931/eyantra_task3/install/ur5_control:/home/prathmesh2931/twin_ws/install/zeus_description:/home/prathmesh2931/twin_ws/install/sim_controller:/home/prathmesh2931/twin_ws/install/shooting_set_description:/opt/ros/humble /usr/bin/cmake /home/prathmesh2931/twinws-asd/rbcon_sim -DAMENT_CMAKE_SYMLINK_INSTALL=1 -DCMAKE_INSTALL_PREFIX=/home/prathmesh2931/twinws-asd/install/rbcon_sim
[2.282s] DEBUG:colcon.colcon_core.event_handler.log_command:Invoking command in '/home/prathmesh2931/twinws-asd/build/rbcon_sim': CMAKE_PREFIX_PATH=${CMAKE_PREFIX_PATH}:/home/prathmesh2931/ey_working/install/ur5_control:/home/prathmesh2931/check_ws/install/ur5_control:/home/prathmesh2931/eyantra_task3/install/ur5_control:/home/prathmesh2931/twin_ws/install/zeus_description:/home/prathmesh2931/twin_ws/install/sim_controller:/home/prathmesh2931/twin_ws/install/shooting_set_description:/opt/ros/humble /usr/bin/cmake --build /home/prathmesh2931/twinws-asd/build/rbcon_sim -- -j12 -l12
[2.327s] DEBUG:colcon.colcon_core.event_handler.log_command:Invoked command in '/home/prathmesh2931/twinws-asd/build/rbcon_sim' returned '0': CMAKE_PREFIX_PATH=${CMAKE_PREFIX_PATH}:/home/prathmesh2931/ey_working/install/ur5_control:/home/prathmesh2931/check_ws/install/ur5_control:/home/prathmesh2931/eyantra_task3/install/ur5_control:/home/prathmesh2931/twin_ws/install/zeus_description:/home/prathmesh2931/twin_ws/install/sim_controller:/home/prathmesh2931/twin_ws/install/shooting_set_description:/opt/ros/humble /usr/bin/cmake --build /home/prathmesh2931/twinws-asd/build/rbcon_sim -- -j12 -l12
[2.329s] DEBUG:colcon.colcon_core.event_handler.log_command:Invoking command in '/home/prathmesh2931/twinws-asd/build/rbcon_sim': CMAKE_PREFIX_PATH=${CMAKE_PREFIX_PATH}:/home/prathmesh2931/ey_working/install/ur5_control:/home/prathmesh2931/check_ws/install/ur5_control:/home/prathmesh2931/eyantra_task3/install/ur5_control:/home/prathmesh2931/twin_ws/install/zeus_description:/home/prathmesh2931/twin_ws/install/sim_controller:/home/prathmesh2931/twin_ws/install/shooting_set_description:/opt/ros/humble /usr/bin/cmake --install /home/prathmesh2931/twinws-asd/build/rbcon_sim
[2.610s] Level 1:colcon.colcon_core.environment:create_environment_scripts_only(rbcon_sim)
[2.610s] Level 1:colcon.colcon_core.environment:checking '/home/prathmesh2931/twinws-asd/install/rbcon_sim' for CMake module files
[2.611s] DEBUG:colcon.colcon_core.event_handler.log_command:Invoked command in '/home/prathmesh2931/twinws-asd/build/rbcon_sim' returned '0': CMAKE_PREFIX_PATH=${CMAKE_PREFIX_PATH}:/home/prathmesh2931/ey_working/install/ur5_control:/home/prathmesh2931/check_ws/install/ur5_control:/home/prathmesh2931/eyantra_task3/install/ur5_control:/home/prathmesh2931/twin_ws/install/zeus_description:/home/prathmesh2931/twin_ws/install/sim_controller:/home/prathmesh2931/twin_ws/install/shooting_set_description:/opt/ros/humble /usr/bin/cmake --install /home/prathmesh2931/twinws-asd/build/rbcon_sim
[2.611s] Level 1:colcon.colcon_core.environment:checking '/home/prathmesh2931/twinws-asd/install/rbcon_sim' for CMake config files
[2.612s] Level 1:colcon.colcon_core.shell:create_environment_hook('rbcon_sim', 'cmake_prefix_path')
[2.612s] INFO:colcon.colcon_core.shell:Creating environment hook '/home/prathmesh2931/twinws-asd/install/rbcon_sim/share/rbcon_sim/hook/cmake_prefix_path.ps1'
[2.613s] INFO:colcon.colcon_core.shell:Creating environment descriptor '/home/prathmesh2931/twinws-asd/install/rbcon_sim/share/rbcon_sim/hook/cmake_prefix_path.dsv'
[2.614s] INFO:colcon.colcon_core.shell:Creating environment hook '/home/prathmesh2931/twinws-asd/install/rbcon_sim/share/rbcon_sim/hook/cmake_prefix_path.sh'
[2.614s] Level 1:colcon.colcon_core.environment:checking '/home/prathmesh2931/twinws-asd/install/rbcon_sim/lib'
[2.614s] Level 1:colcon.colcon_core.environment:checking '/home/prathmesh2931/twinws-asd/install/rbcon_sim/bin'
[2.614s] Level 1:colcon.colcon_core.environment:checking '/home/prathmesh2931/twinws-asd/install/rbcon_sim/lib/pkgconfig/rbcon_sim.pc'
[2.615s] Level 1:colcon.colcon_core.environment:checking '/home/prathmesh2931/twinws-asd/install/rbcon_sim/lib/python3.10/site-packages'
[2.615s] Level 1:colcon.colcon_core.environment:checking '/home/prathmesh2931/twinws-asd/install/rbcon_sim/bin'
[2.616s] INFO:colcon.colcon_core.shell:Creating package script '/home/prathmesh2931/twinws-asd/install/rbcon_sim/share/rbcon_sim/package.ps1'
[2.616s] INFO:colcon.colcon_core.shell:Creating package descriptor '/home/prathmesh2931/twinws-asd/install/rbcon_sim/share/rbcon_sim/package.dsv'
[2.617s] INFO:colcon.colcon_core.shell:Creating package script '/home/prathmesh2931/twinws-asd/install/rbcon_sim/share/rbcon_sim/package.sh'
[2.617s] INFO:colcon.colcon_core.shell:Creating package script '/home/prathmesh2931/twinws-asd/install/rbcon_sim/share/rbcon_sim/package.bash'
[2.618s] INFO:colcon.colcon_core.shell:Creating package script '/home/prathmesh2931/twinws-asd/install/rbcon_sim/share/rbcon_sim/package.zsh'
[2.618s] Level 1:colcon.colcon_core.environment:create_file_with_runtime_dependencies(/home/prathmesh2931/twinws-asd/install/rbcon_sim/share/colcon-core/packages/rbcon_sim)
[2.618s] Level 1:colcon.colcon_core.environment:create_environment_scripts_only(rbcon_sim)
[2.619s] Level 1:colcon.colcon_core.environment:checking '/home/prathmesh2931/twinws-asd/install/rbcon_sim' for CMake module files
[2.619s] Level 1:colcon.colcon_core.environment:checking '/home/prathmesh2931/twinws-asd/install/rbcon_sim' for CMake config files
[2.619s] Level 1:colcon.colcon_core.shell:create_environment_hook('rbcon_sim', 'cmake_prefix_path')
[2.619s] INFO:colcon.colcon_core.shell:Creating environment hook '/home/prathmesh2931/twinws-asd/install/rbcon_sim/share/rbcon_sim/hook/cmake_prefix_path.ps1'
[2.620s] INFO:colcon.colcon_core.shell:Creating environment descriptor '/home/prathmesh2931/twinws-asd/install/rbcon_sim/share/rbcon_sim/hook/cmake_prefix_path.dsv'
[2.620s] INFO:colcon.colcon_core.shell:Creating environment hook '/home/prathmesh2931/twinws-asd/install/rbcon_sim/share/rbcon_sim/hook/cmake_prefix_path.sh'
[2.620s] Level 1:colcon.colcon_core.environment:checking '/home/prathmesh2931/twinws-asd/install/rbcon_sim/lib'
[2.620s] Level 1:colcon.colcon_core.environment:checking '/home/prathmesh2931/twinws-asd/install/rbcon_sim/bin'
[2.620s] Level 1:colcon.colcon_core.environment:checking '/home/prathmesh2931/twinws-asd/install/rbcon_sim/lib/pkgconfig/rbcon_sim.pc'
[2.620s] Level 1:colcon.colcon_core.environment:checking '/home/prathmesh2931/twinws-asd/install/rbcon_sim/lib/python3.10/site-packages'
[2.620s] Level 1:colcon.colcon_core.environment:checking '/home/prathmesh2931/twinws-asd/install/rbcon_sim/bin'
[2.621s] INFO:colcon.colcon_core.shell:Creating package script '/home/prathmesh2931/twinws-asd/install/rbcon_sim/share/rbcon_sim/package.ps1'
[2.621s] INFO:colcon.colcon_core.shell:Creating package descriptor '/home/prathmesh2931/twinws-asd/install/rbcon_sim/share/rbcon_sim/package.dsv'
[2.621s] INFO:colcon.colcon_core.shell:Creating package script '/home/prathmesh2931/twinws-asd/install/rbcon_sim/share/rbcon_sim/package.sh'
[2.621s] INFO:colcon.colcon_core.shell:Creating package script '/home/prathmesh2931/twinws-asd/install/rbcon_sim/share/rbcon_sim/package.bash'
[2.622s] INFO:colcon.colcon_core.shell:Creating package script '/home/prathmesh2931/twinws-asd/install/rbcon_sim/share/rbcon_sim/package.zsh'
[2.623s] Level 1:colcon.colcon_core.environment:create_file_with_runtime_dependencies(/home/prathmesh2931/twinws-asd/install/rbcon_sim/share/colcon-core/packages/rbcon_sim)
[2.623s] DEBUG:colcon.colcon_parallel_executor.executor.parallel:closing loop
[2.623s] DEBUG:colcon.colcon_parallel_executor.executor.parallel:loop closed
[2.623s] DEBUG:colcon.colcon_parallel_executor.executor.parallel:run_until_complete finished with '0'
[2.624s] DEBUG:colcon.colcon_core.event_reactor:joining thread
[2.628s] INFO:colcon.colcon_core.plugin_system:Skipping extension 'colcon_notification.desktop_notification.terminal_notifier': Not used on non-Darwin systems
[2.629s] INFO:colcon.colcon_core.plugin_system:Skipping extension 'colcon_notification.desktop_notification.win32': Not used on non-Windows systems
[2.629s] INFO:colcon.colcon_notification.desktop_notification:Sending desktop notification using 'notify2'
[2.639s] DEBUG:colcon.colcon_core.event_reactor:joined thread
[2.639s] INFO:colcon.colcon_core.shell:Creating prefix script '/home/prathmesh2931/twinws-asd/install/local_setup.ps1'
[2.641s] INFO:colcon.colcon_core.shell:Creating prefix util module '/home/prathmesh2931/twinws-asd/install/_local_setup_util_ps1.py'
[2.642s] INFO:colcon.colcon_core.shell:Creating prefix chain script '/home/prathmesh2931/twinws-asd/install/setup.ps1'
[2.644s] INFO:colcon.colcon_core.shell:Creating prefix script '/home/prathmesh2931/twinws-asd/install/local_setup.sh'
[2.644s] INFO:colcon.colcon_core.shell:Creating prefix util module '/home/prathmesh2931/twinws-asd/install/_local_setup_util_sh.py'
[2.645s] INFO:colcon.colcon_core.shell:Creating prefix chain script '/home/prathmesh2931/twinws-asd/install/setup.sh'
[2.647s] INFO:colcon.colcon_core.shell:Creating prefix script '/home/prathmesh2931/twinws-asd/install/local_setup.bash'
[2.647s] INFO:colcon.colcon_core.shell:Creating prefix chain script '/home/prathmesh2931/twinws-asd/install/setup.bash'
[2.649s] INFO:colcon.colcon_core.shell:Creating prefix script '/home/prathmesh2931/twinws-asd/install/local_setup.zsh'
[2.650s] INFO:colcon.colcon_core.shell:Creating prefix chain script '/home/prathmesh2931/twinws-asd/install/setup.zsh'
