[0.865s] Invoking command in '/home/prathmesh2931/twinws-asd/build/shooting_set_description': PYTHONPATH=/home/prathmesh2931/twinws-asd/build/shooting_set_description/prefix_override:/usr/lib/python3/dist-packages/colcon_core/task/python/colcon_distutils_commands:/home/prathmesh2931/twinws-asd/install/shooting_set_description/lib/python3.10/site-packages:${PYTHONPATH} /usr/bin/python3 -W ignore:setup.py install is deprecated -W ignore:easy_install command is deprecated setup.py develop --editable --build-directory /home/prathmesh2931/twinws-asd/build/shooting_set_description/build --no-deps symlink_data
[1.067s] /usr/lib/python3/dist-packages/setuptools/dist.py:723: UserWarning: Usage of dash-separated 'script-dir' will not be supported in future versions. Please use the underscore name 'script_dir' instead
[1.067s]   warnings.warn(
[1.090s] running develop
[1.229s] running egg_info
[1.229s] creating shooting_set_description.egg-info
[1.229s] writing shooting_set_description.egg-info/PKG-INFO
[1.229s] writing dependency_links to shooting_set_description.egg-info/dependency_links.txt
[1.229s] writing entry points to shooting_set_description.egg-info/entry_points.txt
[1.229s] writing requirements to shooting_set_description.egg-info/requires.txt
[1.229s] writing top-level names to shooting_set_description.egg-info/top_level.txt
[1.230s] writing manifest file 'shooting_set_description.egg-info/SOURCES.txt'
[1.231s] reading manifest file 'shooting_set_description.egg-info/SOURCES.txt'
[1.231s] writing manifest file 'shooting_set_description.egg-info/SOURCES.txt'
[1.233s] running build_ext
[1.233s] Creating /home/prathmesh2931/twinws-asd/install/shooting_set_description/lib/python3.10/site-packages/shooting-set-description.egg-link (link to .)
[1.233s] 
[1.233s] Installed /home/prathmesh2931/twinws-asd/build/shooting_set_description
[1.234s] running symlink_data
[1.234s] creating /home/prathmesh2931/twinws-asd/install/shooting_set_description/share/ament_index
[1.234s] creating /home/prathmesh2931/twinws-asd/install/shooting_set_description/share/ament_index/resource_index
[1.234s] creating /home/prathmesh2931/twinws-asd/install/shooting_set_description/share/ament_index/resource_index/packages
[1.234s] symbolically linking /home/prathmesh2931/twinws-asd/build/shooting_set_description/resource/shooting_set_description -> /home/prathmesh2931/twinws-asd/install/shooting_set_description/share/ament_index/resource_index/packages
[1.234s] symbolically linking /home/prathmesh2931/twinws-asd/build/shooting_set_description/package.xml -> /home/prathmesh2931/twinws-asd/install/shooting_set_description/share/shooting_set_description
[1.234s] creating /home/prathmesh2931/twinws-asd/install/shooting_set_description/share/shooting_set_description/launch
[1.234s] symbolically linking /home/prathmesh2931/twinws-asd/build/shooting_set_description/launch/display.launch.py -> /home/prathmesh2931/twinws-asd/install/shooting_set_description/share/shooting_set_description/launch
[1.234s] symbolically linking /home/prathmesh2931/twinws-asd/build/shooting_set_description/launch/gazebo.launch.py -> /home/prathmesh2931/twinws-asd/install/shooting_set_description/share/shooting_set_description/launch
[1.235s] creating /home/prathmesh2931/twinws-asd/install/shooting_set_description/share/shooting_set_description/urdf
[1.235s] symbolically linking /home/prathmesh2931/twinws-asd/build/shooting_set_description/urdf/shooting_set.gazebo -> /home/prathmesh2931/twinws-asd/install/shooting_set_description/share/shooting_set_description/urdf
[1.235s] symbolically linking /home/prathmesh2931/twinws-asd/build/shooting_set_description/urdf/shooting_set.trans -> /home/prathmesh2931/twinws-asd/install/shooting_set_description/share/shooting_set_description/urdf
[1.235s] symbolically linking /home/prathmesh2931/twinws-asd/build/shooting_set_description/urdf/materials.xacro -> /home/prathmesh2931/twinws-asd/install/shooting_set_description/share/shooting_set_description/urdf
[1.235s] symbolically linking /home/prathmesh2931/twinws-asd/build/shooting_set_description/urdf/shooting_set.xacro -> /home/prathmesh2931/twinws-asd/install/shooting_set_description/share/shooting_set_description/urdf
[1.235s] creating /home/prathmesh2931/twinws-asd/install/shooting_set_description/share/shooting_set_description/meshes
[1.235s] symbolically linking /home/prathmesh2931/twinws-asd/build/shooting_set_description/meshes/r_7_1.stl -> /home/prathmesh2931/twinws-asd/install/shooting_set_description/share/shooting_set_description/meshes
[1.235s] symbolically linking /home/prathmesh2931/twinws-asd/build/shooting_set_description/meshes/r_1_1.stl -> /home/prathmesh2931/twinws-asd/install/shooting_set_description/share/shooting_set_description/meshes
[1.235s] symbolically linking /home/prathmesh2931/twinws-asd/build/shooting_set_description/meshes/r_6_1.stl -> /home/prathmesh2931/twinws-asd/install/shooting_set_description/share/shooting_set_description/meshes
[1.235s] symbolically linking /home/prathmesh2931/twinws-asd/build/shooting_set_description/meshes/r_4_1.stl -> /home/prathmesh2931/twinws-asd/install/shooting_set_description/share/shooting_set_description/meshes
[1.235s] symbolically linking /home/prathmesh2931/twinws-asd/build/shooting_set_description/meshes/r_2_1.stl -> /home/prathmesh2931/twinws-asd/install/shooting_set_description/share/shooting_set_description/meshes
[1.235s] symbolically linking /home/prathmesh2931/twinws-asd/build/shooting_set_description/meshes/r_5_1.stl -> /home/prathmesh2931/twinws-asd/install/shooting_set_description/share/shooting_set_description/meshes
[1.236s] symbolically linking /home/prathmesh2931/twinws-asd/build/shooting_set_description/meshes/lf_front_1.stl -> /home/prathmesh2931/twinws-asd/install/shooting_set_description/share/shooting_set_description/meshes
[1.236s] symbolically linking /home/prathmesh2931/twinws-asd/build/shooting_set_description/meshes/r_9_1.stl -> /home/prathmesh2931/twinws-asd/install/shooting_set_description/share/shooting_set_description/meshes
[1.236s] symbolically linking /home/prathmesh2931/twinws-asd/build/shooting_set_description/meshes/upper_shaft_1.stl -> /home/prathmesh2931/twinws-asd/install/shooting_set_description/share/shooting_set_description/meshes
[1.236s] symbolically linking /home/prathmesh2931/twinws-asd/build/shooting_set_description/meshes/rf_wheel_1.stl -> /home/prathmesh2931/twinws-asd/install/shooting_set_description/share/shooting_set_description/meshes
[1.236s] symbolically linking /home/prathmesh2931/twinws-asd/build/shooting_set_description/meshes/base_link.stl -> /home/prathmesh2931/twinws-asd/install/shooting_set_description/share/shooting_set_description/meshes
[1.236s] symbolically linking /home/prathmesh2931/twinws-asd/build/shooting_set_description/meshes/rb_wheel_1.stl -> /home/prathmesh2931/twinws-asd/install/shooting_set_description/share/shooting_set_description/meshes
[1.236s] symbolically linking /home/prathmesh2931/twinws-asd/build/shooting_set_description/meshes/bottom_shaft_1.stl -> /home/prathmesh2931/twinws-asd/install/shooting_set_description/share/shooting_set_description/meshes
[1.236s] symbolically linking /home/prathmesh2931/twinws-asd/build/shooting_set_description/meshes/frame_1.stl -> /home/prathmesh2931/twinws-asd/install/shooting_set_description/share/shooting_set_description/meshes
[1.236s] symbolically linking /home/prathmesh2931/twinws-asd/build/shooting_set_description/meshes/lb_wheel_1.stl -> /home/prathmesh2931/twinws-asd/install/shooting_set_description/share/shooting_set_description/meshes
[1.236s] symbolically linking /home/prathmesh2931/twinws-asd/build/shooting_set_description/meshes/r_3_1.stl -> /home/prathmesh2931/twinws-asd/install/shooting_set_description/share/shooting_set_description/meshes
[1.236s] symbolically linking /home/prathmesh2931/twinws-asd/build/shooting_set_description/meshes/r_8_1.stl -> /home/prathmesh2931/twinws-asd/install/shooting_set_description/share/shooting_set_description/meshes
[1.236s] creating /home/prathmesh2931/twinws-asd/install/shooting_set_description/share/shooting_set_description/config
[1.236s] symbolically linking /home/prathmesh2931/twinws-asd/build/shooting_set_description/config/display.rviz -> /home/prathmesh2931/twinws-asd/install/shooting_set_description/share/shooting_set_description/config
[1.259s] Invoked command in '/home/prathmesh2931/twinws-asd/build/shooting_set_description' returned '0': PYTHONPATH=/home/prathmesh2931/twinws-asd/build/shooting_set_description/prefix_override:/usr/lib/python3/dist-packages/colcon_core/task/python/colcon_distutils_commands:/home/prathmesh2931/twinws-asd/install/shooting_set_description/lib/python3.10/site-packages:${PYTHONPATH} /usr/bin/python3 -W ignore:setup.py install is deprecated -W ignore:easy_install command is deprecated setup.py develop --editable --build-directory /home/prathmesh2931/twinws-asd/build/shooting_set_description/build --no-deps symlink_data
