-- Install configuration: ""
-- Execute custom install script
-- Up-to-date symlink: /home/prathmesh2931/twinws-asd/install/zeus_init/share/zeus_init//launch/init.launch.py
-- Up-to-date symlink: /home/prathmesh2931/twinws-asd/install/zeus_init/share/zeus_init//launch/localization.launch.py
-- Up-to-date symlink: /home/prathmesh2931/twinws-asd/install/zeus_init/share/zeus_init//launch/locate.launch.py
-- Up-to-date symlink: /home/prathmesh2931/twinws-asd/install/zeus_init/share/zeus_init//launch/mapping.launch.py
-- Up-to-date symlink: /home/prathmesh2931/twinws-asd/install/zeus_init/share/zeus_init//config/cam_config.yaml
-- Up-to-date symlink: /home/prathmesh2931/twinws-asd/install/zeus_init/share/zeus_init//config/ekf.yaml
-- Up-to-date symlink: /home/prathmesh2931/twinws-asd/install/zeus_init/share/zeus_init//config/joint_states.yaml
-- Up-to-date symlink: /home/prathmesh2931/twinws-asd/install/zeus_init/share/zeus_init//config/joystick.yaml
-- Up-to-date symlink: /home/prathmesh2931/twinws-asd/install/zeus_init/share/zeus_init//config/localizationConfig.yaml
-- Up-to-date symlink: /home/prathmesh2931/twinws-asd/install/zeus_init/share/zeus_init//config/locate.rviz
-- Up-to-date symlink: /home/prathmesh2931/twinws-asd/install/zeus_init/share/zeus_init//config/mappingConfig.yaml
-- Up-to-date symlink: /home/prathmesh2931/twinws-asd/install/zeus_init/share/zeus_init//config/rplidar.yaml
-- Up-to-date symlink: /home/prathmesh2931/twinws-asd/install/zeus_init/share/zeus_init//scripts/pub_pose_r1.py
-- Up-to-date symlink: /home/prathmesh2931/twinws-asd/install/zeus_init/lib/zeus_init/localization.launch.py
-- Up-to-date symlink: /home/prathmesh2931/twinws-asd/install/zeus_init/lib/zeus_init/pub_pose_r1.py
-- Up-to-date symlink: /home/prathmesh2931/twinws-asd/install/zeus_init/share/ament_index/resource_index/package_run_dependencies/zeus_init
-- Up-to-date symlink: /home/prathmesh2931/twinws-asd/install/zeus_init/share/ament_index/resource_index/parent_prefix_path/zeus_init
-- Up-to-date symlink: /home/prathmesh2931/twinws-asd/install/zeus_init/share/zeus_init/environment/ament_prefix_path.sh
-- Up-to-date symlink: /home/prathmesh2931/twinws-asd/install/zeus_init/share/zeus_init/environment/ament_prefix_path.dsv
-- Up-to-date symlink: /home/prathmesh2931/twinws-asd/install/zeus_init/share/zeus_init/environment/path.sh
-- Up-to-date symlink: /home/prathmesh2931/twinws-asd/install/zeus_init/share/zeus_init/environment/path.dsv
-- Up-to-date symlink: /home/prathmesh2931/twinws-asd/install/zeus_init/share/zeus_init/local_setup.bash
-- Up-to-date symlink: /home/prathmesh2931/twinws-asd/install/zeus_init/share/zeus_init/local_setup.sh
-- Up-to-date symlink: /home/prathmesh2931/twinws-asd/install/zeus_init/share/zeus_init/local_setup.zsh
-- Up-to-date symlink: /home/prathmesh2931/twinws-asd/install/zeus_init/share/zeus_init/local_setup.dsv
-- Symlinking: /home/prathmesh2931/twinws-asd/install/zeus_init/share/zeus_init/package.dsv
-- Up-to-date symlink: /home/prathmesh2931/twinws-asd/install/zeus_init/share/ament_index/resource_index/packages/zeus_init
-- Up-to-date symlink: /home/prathmesh2931/twinws-asd/install/zeus_init/share/zeus_init/cmake/zeus_initConfig.cmake
-- Up-to-date symlink: /home/prathmesh2931/twinws-asd/install/zeus_init/share/zeus_init/cmake/zeus_initConfig-version.cmake
-- Up-to-date symlink: /home/prathmesh2931/twinws-asd/install/zeus_init/share/zeus_init/package.xml
